#
# A fatal error has been detected by the Java Runtime Environment:
#
#  SIGSEGV (0xb) at pc=0x000000012c6e9dbe, pid=17447, tid=19715
#
# JRE version: 7.0_10-b18
# Java VM: Java HotSpot(TM) 64-Bit Server VM (23.6-b04 mixed mode bsd-amd64 compressed oops)
# Problematic frame:
# C  0x000000012c6e9dbe
#
# Failed to write core dump. Core dumps have been disabled. To enable core dumping, try "ulimit -c unlimited" before starting Java again
#
# If you would like to submit a bug report, please visit:
#   http://bugreport.sun.com/bugreport/crash.jsp
# The crash happened outside the Java Virtual Machine in native code.
# See problematic frame for where to report the bug.
#

---------------  T H R E A D  ---------------

Current thread (0x00007ffaa30ee000):  JavaThread "1843410118@qtp-18294794-0" [_thread_in_native, id=19715, stack(0x000000010c99b000,0x000000010ca9b000)]

siginfo:si_signo=SIGSEGV: si_errno=0, si_code=1 (SEGV_MAPERR), si_addr=0x000000012c6e9dbe

Registers:
RAX=0x00000000ffffffff, RBX=0x000000010ca88830, RCX=0x0000000000000600, RDX=0x000000010ca886b4
RSP=0x000000010ca88820, RBP=0x000000010ca98860, RSI=0x0000060000000600, RDI=0x0000050000000603
R8 =0x000000010ca886bc, R9 =0x000000010ca886b8, R10=0x0000000000000081, R11=0x0000000103730ce0
R12=0x00000000000006dd, R13=0x0000000000002000, R14=0x00007ffaa30ee1d8, R15=0x00000000000007d0
RIP=0x000000012c6e9dbe, EFLAGS=0x0000000000010206, ERR=0x0000000000000014
  TRAPNO=0x000000000000000e

Top of Stack: (sp=0x000000010ca88820)
0x000000010ca88820:   000000010ca98920 0000000000000002
0x000000010ca88830:   000000010c718e28 000000010ca888b0
0x000000010ca88840:   000000010ca88880 00007fff8d3026ab
0x000000010ca88850:   00000000000703e0 000000010c718e68
0x000000010ca88860:   00002060000000cb 0000040000000400
0x000000010ca88870:   000000010c718e68 000000010c718e28
0x000000010ca88880:   000000010ca888f0 000000010c6ec854
0x000000010ca88890:   000006dd0ca88920 00000000000000cb
0x000000010ca888a0:   000000010ca88920 00000000ad6f33a0
0x000000010ca888b0:   000000010ca9b000 0000000000000000
0x000000010ca888c0:   00007ffa00000000 00000000000006dd
0x000000010ca888d0:   00000000ae379e60 00000000000000cb
0x000000010ca888e0:   000000010ca88920 00000000000000cb
0x000000010ca888f0:   000000010ca98950 000000010c6ea137
0x000000010ca88900:   000000010ca98a00 00010000acff8cc8
0x000000010ca88910:   00007ffaa30ee1d8 00000000000000cb
0x000000010ca88920:   0a0d35240a0d342a 240a0d5845544553
0x000000010ca88930:   0500edac0a0d3238 6176616a00000000
0x000000010ca88940:   6f4c2e676e616c2e 8fcc90e48b3b676e
0x000000010ca88950:   05004a010002df23 00727865756c6176
0x000000010ca88960:   616c2e6176616a10 65626d7500000000
0x000000010ca88970:   e0940b1d95ac8672 000070780000028b
0x000000010ca88980:   0a0d010000000000 303038310a0d3424
0x000000010ca88990:   ac0a0d3238240a0d 6a0e0072730500ed
0x000000010ca889a0:   676e616cae379f08 e48b3b676e6f4c2e
0x000000010ca889b0:   010002df238fcc90 65756c617605004a
0x000000010ca889c0:   6176616a10007278 754e2e676e616c2e
0x000000010ca889d0:   1d95ac867265626d 780000028be0940b
0x000000010ca889e0:   0000000000000000 00000000000a0d00
0x000000010ca889f0:   00000000ad68aed0 0000000000000000
0x000000010ca88a00:   00000000ac0d2690 00000000ad57b2c0
0x000000010ca88a10:   00000000acf3fee0 0000000000000000 

Instructions: (pc=0x000000012c6e9dbe)
0x000000012c6e9d9e:   
[error occurred during error reporting (printing registers, top of stack, instructions near pc), id 0xb]

Register to memory mapping:

RAX=0x00000000ffffffff is an unknown value
RBX=0x000000010ca88830 is pointing into the stack for thread: 0x00007ffaa30ee000
RCX=0x0000000000000600 is an unknown value
RDX=0x000000010ca886b4 is pointing into the stack for thread: 0x00007ffaa30ee000
RSP=0x000000010ca88820 is pointing into the stack for thread: 0x00007ffaa30ee000
RBP=0x000000010ca98860 is pointing into the stack for thread: 0x00007ffaa30ee000
RSI=0x0000060000000600 is an unknown value
RDI=0x0000050000000603 is an unknown value
R8 =0x000000010ca886bc is pointing into the stack for thread: 0x00007ffaa30ee000
R9 =0x000000010ca886b8 is pointing into the stack for thread: 0x00007ffaa30ee000
R10=0x0000000000000081 is an unknown value
R11=0x0000000103730ce0: _ZN20SafepointSynchronize18_safepoint_counterE+0 in /Library/Java/JavaVirtualMachines/jdk1.7.0_10.jdk/Contents/Home/jre/lib/server/libjvm.dylib at 0x0000000103000000
R12=0x00000000000006dd is an unknown value
R13=0x0000000000002000 is an unknown value
R14=0x00007ffaa30ee1d8 is an unknown value
R15=0x00000000000007d0 is an unknown value


Stack: [0x000000010c99b000,0x000000010ca9b000],  sp=0x000000010ca88820,  free space=950k
Native frames: (J=compiled Java code, j=interpreted, Vv=VM code, C=native code)
C  0x000000012c6e9dbe
j  java.net.SocketInputStream.socketRead0(Ljava/io/FileDescriptor;[BIII)I+0
j  java.net.SocketInputStream.read([BIII)I+79
j  java.net.SocketInputStream.read([BII)I+11
j  java.net.SocketInputStream.read([B)I+5
j  redis.clients.util.RedisInputStream.fill()V+9
j  redis.clients.util.RedisInputStream.readByte()B+12
j  redis.clients.jedis.Protocol.process(Lredis/clients/util/RedisInputStream;)Ljava/lang/Object;+1
j  redis.clients.jedis.Protocol.read(Lredis/clients/util/RedisInputStream;)Ljava/lang/Object;+1
j  redis.clients.jedis.Connection.getStatusCodeReply()Ljava/lang/String;+18
j  redis.clients.jedis.BinaryJedis.setex([BI[B)Ljava/lang/String;+18
j  org.springframework.data.redis.connection.jedis.JedisConnection.setEx([BJ[B)V+51
j  org.springframework.data.redis.core.DefaultValueOperations$10.doInRedis(Lorg/springframework/data/redis/connection/RedisConnection;)Ljava/lang/Object;+15
j  org.springframework.data.redis.core.RedisTemplate.execute(Lorg/springframework/data/redis/core/RedisCallback;ZZ)Ljava/lang/Object;+92
j  org.springframework.data.redis.core.RedisTemplate.execute(Lorg/springframework/data/redis/core/RedisCallback;Z)Ljava/lang/Object;+4
j  org.springframework.data.redis.core.AbstractOperations.execute(Lorg/springframework/data/redis/core/RedisCallback;Z)Ljava/lang/Object;+6
j  org.springframework.data.redis.core.DefaultValueOperations.set(Ljava/lang/Object;Ljava/lang/Object;JLjava/util/concurrent/TimeUnit;)V+38
j  org.springframework.data.redis.core.DefaultBoundValueOperations.set(Ljava/lang/Object;JLjava/util/concurrent/TimeUnit;)V+12
j  com.gogomaya.server.player.state.RedisPlayerStateManager.markAvailable(J)V+21
j  com.gogomaya.server.web.player.session.PlayerSessionController.startSession(J)Lcom/gogomaya/server/player/security/PlayerSession;+44
v  ~StubRoutines::call_stub
V  [libjvm.dylib+0x28855f]
V  [libjvm.dylib+0x28832c]
V  [libjvm.dylib+0x3f54ca]
V  [libjvm.dylib+0x3f5922]
V  [libjvm.dylib+0x2bc987]
j  sun.reflect.NativeMethodAccessorImpl.invoke0(Ljava/lang/reflect/Method;Ljava/lang/Object;[Ljava/lang/Object;)Ljava/lang/Object;+0
j  sun.reflect.NativeMethodAccessorImpl.invoke(Ljava/lang/Object;[Ljava/lang/Object;)Ljava/lang/Object;+87
j  sun.reflect.DelegatingMethodAccessorImpl.invoke(Ljava/lang/Object;[Ljava/lang/Object;)Ljava/lang/Object;+6
j  java.lang.reflect.Method.invoke(Ljava/lang/Object;[Ljava/lang/Object;)Ljava/lang/Object;+57
j  org.springframework.web.method.support.InvocableHandlerMethod.invoke([Ljava/lang/Object;)Ljava/lang/Object;+16
j  org.springframework.web.method.support.InvocableHandlerMethod.invokeForRequest(Lorg/springframework/web/context/request/NativeWebRequest;Lorg/springframework/web/method/support/ModelAndViewContainer;[Ljava/lang/Object;)Ljava/lang/Object;+78
j  org.springframework.web.servlet.mvc.method.annotation.ServletInvocableHandlerMethod.invokeAndHandle(Lorg/springframework/web/context/request/ServletWebRequest;Lorg/springframework/web/method/support/ModelAndViewContainer;[Ljava/lang/Object;)V+4
j  org.springframework.web.servlet.mvc.method.annotation.RequestMappingHandlerAdapter.invokeHandleMethod(Ljavax/servlet/http/HttpServletRequest;Ljavax/servlet/http/HttpServletResponse;Lorg/springframework/web/method/HandlerMethod;)Lorg/springframework/web/servlet/ModelAndView;+230
j  org.springframework.web.servlet.mvc.method.annotation.RequestMappingHandlerAdapter.handleInternal(Ljavax/servlet/http/HttpServletRequest;Ljavax/servlet/http/HttpServletResponse;Lorg/springframework/web/method/HandlerMethod;)Lorg/springframework/web/servlet/ModelAndView;+89
j  org.springframework.web.servlet.mvc.method.AbstractHandlerMethodAdapter.handle(Ljavax/servlet/http/HttpServletRequest;Ljavax/servlet/http/HttpServletResponse;Ljava/lang/Object;)Lorg/springframework/web/servlet/ModelAndView;+7
j  org.springframework.web.servlet.DispatcherServlet.doDispatch(Ljavax/servlet/http/HttpServletRequest;Ljavax/servlet/http/HttpServletResponse;)V+305
j  org.springframework.web.servlet.DispatcherServlet.doService(Ljavax/servlet/http/HttpServletRequest;Ljavax/servlet/http/HttpServletResponse;)V+319
j  org.springframework.web.servlet.FrameworkServlet.processRequest(Ljavax/servlet/http/HttpServletRequest;Ljavax/servlet/http/HttpServletResponse;)V+84
j  org.springframework.web.servlet.FrameworkServlet.doPost(Ljavax/servlet/http/HttpServletRequest;Ljavax/servlet/http/HttpServletResponse;)V+3
j  javax.servlet.http.HttpServlet.service(Ljavax/servlet/http/HttpServletRequest;Ljavax/servlet/http/HttpServletResponse;)V+139
j  org.springframework.web.servlet.FrameworkServlet.service(Ljavax/servlet/http/HttpServletRequest;Ljavax/servlet/http/HttpServletResponse;)V+32
j  javax.servlet.http.HttpServlet.service(Ljavax/servlet/ServletRequest;Ljavax/servlet/ServletResponse;)V+30
j  org.mortbay.jetty.servlet.ServletHolder.handle(Ljavax/servlet/ServletRequest;Ljavax/servlet/ServletResponse;)V+176
j  org.mortbay.jetty.servlet.ServletHandler$CachedChain.doFilter(Ljavax/servlet/ServletRequest;Ljavax/servlet/ServletResponse;)V+103
j  com.thetransactioncompany.cors.CORSFilter.doFilter(Ljavax/servlet/http/HttpServletRequest;Ljavax/servlet/http/HttpServletResponse;Ljavax/servlet/FilterChain;)V+87
j  com.thetransactioncompany.cors.CORSFilter.doFilter(Ljavax/servlet/ServletRequest;Ljavax/servlet/ServletResponse;Ljavax/servlet/FilterChain;)V+24
j  org.mortbay.jetty.servlet.ServletHandler$CachedChain.doFilter(Ljavax/servlet/ServletRequest;Ljavax/servlet/ServletResponse;)V+53
j  org.mortbay.jetty.servlet.ServletHandler.handle(Ljava/lang/String;Ljavax/servlet/http/HttpServletRequest;Ljavax/servlet/http/HttpServletResponse;I)V+465
j  org.mortbay.jetty.security.SecurityHandler.handle(Ljava/lang/String;Ljavax/servlet/http/HttpServletRequest;Ljavax/servlet/http/HttpServletResponse;I)V+299
j  org.mortbay.jetty.servlet.SessionHandler.handle(Ljava/lang/String;Ljavax/servlet/http/HttpServletRequest;Ljavax/servlet/http/HttpServletResponse;I)V+225
j  org.mortbay.jetty.handler.ContextHandler.handle(Ljava/lang/String;Ljavax/servlet/http/HttpServletRequest;Ljavax/servlet/http/HttpServletResponse;I)V+721
j  org.mortbay.jetty.webapp.WebAppContext.handle(Ljava/lang/String;Ljavax/servlet/http/HttpServletRequest;Ljavax/servlet/http/HttpServletResponse;I)V+53
j  org.mortbay.jetty.handler.HandlerWrapper.handle(Ljava/lang/String;Ljavax/servlet/http/HttpServletRequest;Ljavax/servlet/http/HttpServletResponse;I)V+23
j  org.mortbay.jetty.Server.handle(Lorg/mortbay/jetty/HttpConnection;)V+110
j  org.mortbay.jetty.HttpConnection.handleRequest()V+137
j  org.mortbay.jetty.HttpConnection$RequestHandler.headerComplete()V+512
j  org.mortbay.jetty.HttpParser.parseNext()J+1797
j  org.mortbay.jetty.HttpParser.parseAvailable()J+1
j  org.mortbay.jetty.HttpConnection.handle()V+122
j  org.mortbay.io.nio.SelectChannelEndPoint.run()V+4
j  org.mortbay.thread.QueuedThreadPool$PoolThread.run()V+25
v  ~StubRoutines::call_stub
V  [libjvm.dylib+0x28855f]
V  [libjvm.dylib+0x288a3c]
V  [libjvm.dylib+0x288b76]
V  [libjvm.dylib+0x2bf4f0]
V  [libjvm.dylib+0x4782b4]
V  [libjvm.dylib+0x47979a]
V  [libjvm.dylib+0x3b51b5]
C  [libsystem_c.dylib+0x4e8bf]  _pthread_start+0x14f
C  [libsystem_c.dylib+0x51b75]  thread_start+0xd

Java frames: (J=compiled Java code, j=interpreted, Vv=VM code)
j  java.net.SocketInputStream.socketRead0(Ljava/io/FileDescriptor;[BIII)I+0
j  java.net.SocketInputStream.read([BIII)I+79
j  java.net.SocketInputStream.read([BII)I+11
j  java.net.SocketInputStream.read([B)I+5
j  redis.clients.util.RedisInputStream.fill()V+9
j  redis.clients.util.RedisInputStream.readByte()B+12
j  redis.clients.jedis.Protocol.process(Lredis/clients/util/RedisInputStream;)Ljava/lang/Object;+1
j  redis.clients.jedis.Protocol.read(Lredis/clients/util/RedisInputStream;)Ljava/lang/Object;+1
j  redis.clients.jedis.Connection.getStatusCodeReply()Ljava/lang/String;+18
j  redis.clients.jedis.BinaryJedis.setex([BI[B)Ljava/lang/String;+18
j  org.springframework.data.redis.connection.jedis.JedisConnection.setEx([BJ[B)V+51
j  org.springframework.data.redis.core.DefaultValueOperations$10.doInRedis(Lorg/springframework/data/redis/connection/RedisConnection;)Ljava/lang/Object;+15
j  org.springframework.data.redis.core.RedisTemplate.execute(Lorg/springframework/data/redis/core/RedisCallback;ZZ)Ljava/lang/Object;+92
j  org.springframework.data.redis.core.RedisTemplate.execute(Lorg/springframework/data/redis/core/RedisCallback;Z)Ljava/lang/Object;+4
j  org.springframework.data.redis.core.AbstractOperations.execute(Lorg/springframework/data/redis/core/RedisCallback;Z)Ljava/lang/Object;+6
j  org.springframework.data.redis.core.DefaultValueOperations.set(Ljava/lang/Object;Ljava/lang/Object;JLjava/util/concurrent/TimeUnit;)V+38
j  org.springframework.data.redis.core.DefaultBoundValueOperations.set(Ljava/lang/Object;JLjava/util/concurrent/TimeUnit;)V+12
j  com.gogomaya.server.player.state.RedisPlayerStateManager.markAvailable(J)V+21
j  com.gogomaya.server.web.player.session.PlayerSessionController.startSession(J)Lcom/gogomaya/server/player/security/PlayerSession;+44
v  ~StubRoutines::call_stub
j  sun.reflect.NativeMethodAccessorImpl.invoke0(Ljava/lang/reflect/Method;Ljava/lang/Object;[Ljava/lang/Object;)Ljava/lang/Object;+0
j  sun.reflect.NativeMethodAccessorImpl.invoke(Ljava/lang/Object;[Ljava/lang/Object;)Ljava/lang/Object;+87
j  sun.reflect.DelegatingMethodAccessorImpl.invoke(Ljava/lang/Object;[Ljava/lang/Object;)Ljava/lang/Object;+6
j  java.lang.reflect.Method.invoke(Ljava/lang/Object;[Ljava/lang/Object;)Ljava/lang/Object;+57
j  org.springframework.web.method.support.InvocableHandlerMethod.invoke([Ljava/lang/Object;)Ljava/lang/Object;+16
j  org.springframework.web.method.support.InvocableHandlerMethod.invokeForRequest(Lorg/springframework/web/context/request/NativeWebRequest;Lorg/springframework/web/method/support/ModelAndViewContainer;[Ljava/lang/Object;)Ljava/lang/Object;+78
j  org.springframework.web.servlet.mvc.method.annotation.ServletInvocableHandlerMethod.invokeAndHandle(Lorg/springframework/web/context/request/ServletWebRequest;Lorg/springframework/web/method/support/ModelAndViewContainer;[Ljava/lang/Object;)V+4
j  org.springframework.web.servlet.mvc.method.annotation.RequestMappingHandlerAdapter.invokeHandleMethod(Ljavax/servlet/http/HttpServletRequest;Ljavax/servlet/http/HttpServletResponse;Lorg/springframework/web/method/HandlerMethod;)Lorg/springframework/web/servlet/ModelAndView;+230
j  org.springframework.web.servlet.mvc.method.annotation.RequestMappingHandlerAdapter.handleInternal(Ljavax/servlet/http/HttpServletRequest;Ljavax/servlet/http/HttpServletResponse;Lorg/springframework/web/method/HandlerMethod;)Lorg/springframework/web/servlet/ModelAndView;+89
j  org.springframework.web.servlet.mvc.method.AbstractHandlerMethodAdapter.handle(Ljavax/servlet/http/HttpServletRequest;Ljavax/servlet/http/HttpServletResponse;Ljava/lang/Object;)Lorg/springframework/web/servlet/ModelAndView;+7
j  org.springframework.web.servlet.DispatcherServlet.doDispatch(Ljavax/servlet/http/HttpServletRequest;Ljavax/servlet/http/HttpServletResponse;)V+305
j  org.springframework.web.servlet.DispatcherServlet.doService(Ljavax/servlet/http/HttpServletRequest;Ljavax/servlet/http/HttpServletResponse;)V+319
j  org.springframework.web.servlet.FrameworkServlet.processRequest(Ljavax/servlet/http/HttpServletRequest;Ljavax/servlet/http/HttpServletResponse;)V+84
j  org.springframework.web.servlet.FrameworkServlet.doPost(Ljavax/servlet/http/HttpServletRequest;Ljavax/servlet/http/HttpServletResponse;)V+3
j  javax.servlet.http.HttpServlet.service(Ljavax/servlet/http/HttpServletRequest;Ljavax/servlet/http/HttpServletResponse;)V+139
j  org.springframework.web.servlet.FrameworkServlet.service(Ljavax/servlet/http/HttpServletRequest;Ljavax/servlet/http/HttpServletResponse;)V+32
j  javax.servlet.http.HttpServlet.service(Ljavax/servlet/ServletRequest;Ljavax/servlet/ServletResponse;)V+30
j  org.mortbay.jetty.servlet.ServletHolder.handle(Ljavax/servlet/ServletRequest;Ljavax/servlet/ServletResponse;)V+176
j  org.mortbay.jetty.servlet.ServletHandler$CachedChain.doFilter(Ljavax/servlet/ServletRequest;Ljavax/servlet/ServletResponse;)V+103
j  com.thetransactioncompany.cors.CORSFilter.doFilter(Ljavax/servlet/http/HttpServletRequest;Ljavax/servlet/http/HttpServletResponse;Ljavax/servlet/FilterChain;)V+87
j  com.thetransactioncompany.cors.CORSFilter.doFilter(Ljavax/servlet/ServletRequest;Ljavax/servlet/ServletResponse;Ljavax/servlet/FilterChain;)V+24
j  org.mortbay.jetty.servlet.ServletHandler$CachedChain.doFilter(Ljavax/servlet/ServletRequest;Ljavax/servlet/ServletResponse;)V+53
j  org.mortbay.jetty.servlet.ServletHandler.handle(Ljava/lang/String;Ljavax/servlet/http/HttpServletRequest;Ljavax/servlet/http/HttpServletResponse;I)V+465
j  org.mortbay.jetty.security.SecurityHandler.handle(Ljava/lang/String;Ljavax/servlet/http/HttpServletRequest;Ljavax/servlet/http/HttpServletResponse;I)V+299
j  org.mortbay.jetty.servlet.SessionHandler.handle(Ljava/lang/String;Ljavax/servlet/http/HttpServletRequest;Ljavax/servlet/http/HttpServletResponse;I)V+225
j  org.mortbay.jetty.handler.ContextHandler.handle(Ljava/lang/String;Ljavax/servlet/http/HttpServletRequest;Ljavax/servlet/http/HttpServletResponse;I)V+721
j  org.mortbay.jetty.webapp.WebAppContext.handle(Ljava/lang/String;Ljavax/servlet/http/HttpServletRequest;Ljavax/servlet/http/HttpServletResponse;I)V+53
j  org.mortbay.jetty.handler.HandlerWrapper.handle(Ljava/lang/String;Ljavax/servlet/http/HttpServletRequest;Ljavax/servlet/http/HttpServletResponse;I)V+23
j  org.mortbay.jetty.Server.handle(Lorg/mortbay/jetty/HttpConnection;)V+110
j  org.mortbay.jetty.HttpConnection.handleRequest()V+137
j  org.mortbay.jetty.HttpConnection$RequestHandler.headerComplete()V+512
j  org.mortbay.jetty.HttpParser.parseNext()J+1797
j  org.mortbay.jetty.HttpParser.parseAvailable()J+1
j  org.mortbay.jetty.HttpConnection.handle()V+122
j  org.mortbay.io.nio.SelectChannelEndPoint.run()V+4
j  org.mortbay.thread.QueuedThreadPool$PoolThread.run()V+25
v  ~StubRoutines::call_stub

---------------  P R O C E S S  ---------------

Java Threads: ( => current thread )
  0x00007ffaac038000 JavaThread "Timeout Management - 4" [_thread_blocked, id=22787, stack(0x000000010cd4c000,0x000000010ce4c000)]
  0x00007ffaa8743000 JavaThread "Timeout Management - 3" [_thread_blocked, id=22531, stack(0x000000010daa4000,0x000000010dba4000)]
  0x00007ffaa75bc800 JavaThread "Timeout Management - 2" [_thread_blocked, id=22275, stack(0x000000010d9a1000,0x000000010daa1000)]
  0x00007ffaaba57800 JavaThread "Timeout Management - 1" [_thread_blocked, id=21763, stack(0x000000010e8f8000,0x000000010e9f8000)]
  0x00007ffaa246c800 JavaThread "Timeout Management - 0" [_thread_blocked, id=21507, stack(0x000000010d3bf000,0x000000010d4bf000)]
  0x00007ffaaa6c8000 JavaThread "pool-3-thread-1" [_thread_blocked, id=16903, stack(0x000000010e64a000,0x000000010e74a000)]
  0x00007ffaa80a7800 JavaThread "AMQP Connection 192.168.2.101:5672" [_thread_in_native, id=16647, stack(0x000000010e547000,0x000000010e647000)]
  0x00007ffaa5bd7800 JavaThread "Timer-1" daemon [_thread_blocked, id=14599, stack(0x000000010c010000,0x000000010c110000)]
  0x00007ffaa190d000 JavaThread "Timer-0" daemon [_thread_blocked, id=20227, stack(0x000000010d662000,0x000000010d762000)]
  0x00007ffaa30ee800 JavaThread "1207858799@qtp-18294794-1 - Acceptor0 SelectChannelConnector@0.0.0.0:8080" [_thread_in_native, id=19971, stack(0x000000010ca9e000,0x000000010cb9e000)]
=>0x00007ffaa30ee000 JavaThread "1843410118@qtp-18294794-0" [_thread_in_native, id=19715, stack(0x000000010c99b000,0x000000010ca9b000)]
  0x00007ffaa3900000 JavaThread "Thread-2" [_thread_in_native, id=19459, stack(0x000000010c898000,0x000000010c998000)]
  0x00007ffaa30e7000 JavaThread "Thread-1" [_thread_blocked, id=19203, stack(0x000000010c795000,0x000000010c895000)]
  0x00007ffaa1860000 JavaThread "Service Thread" daemon [_thread_blocked, id=18691, stack(0x000000010c41f000,0x000000010c51f000)]
  0x00007ffaa185f000 JavaThread "C2 CompilerThread1" daemon [_thread_blocked, id=18435, stack(0x000000010c31c000,0x000000010c41c000)]
  0x00007ffaa185d800 JavaThread "C2 CompilerThread0" daemon [_thread_blocked, id=18179, stack(0x000000010c219000,0x000000010c319000)]
  0x00007ffaa185c800 JavaThread "Signal Dispatcher" daemon [_thread_blocked, id=17923, stack(0x000000010c116000,0x000000010c216000)]
  0x00007ffaa2014000 JavaThread "Finalizer" daemon [_thread_blocked, id=14083, stack(0x000000010be0e000,0x000000010bf0e000)]
  0x00007ffaa2013800 JavaThread "Reference Handler" daemon [_thread_blocked, id=13827, stack(0x000000010bd0b000,0x000000010be0b000)]
  0x00007ffaa3003800 JavaThread "main" [_thread_blocked, id=7171, stack(0x0000000103aa8000,0x0000000103ba8000)]

Other Threads:
  0x00007ffaa2011000 VMThread [stack: 0x000000010bc08000,0x000000010bd08000] [id=13571]
  0x00007ffaa1846800 WatcherThread [stack: 0x000000010c522000,0x000000010c622000] [id=18947]

VM state:not at safepoint (normal execution)

VM Mutex/Monitor currently owned by a thread: None

Heap
 PSYoungGen      total 256512K, used 163240K [0x00000007e6960000, 0x0000000800000000, 0x0000000800000000)
  eden space 247168K, 62% used [0x00000007e6960000,0x00000007f00238f0,0x00000007f5ac0000)
  from space 9344K, 94% used [0x00000007f5ac0000,0x00000007f6366760,0x00000007f63e0000)
  to   space 10432K, 0% used [0x00000007ff5d0000,0x00000007ff5d0000,0x0000000800000000)
 ParOldGen       total 52096K, used 15930K [0x00000007b3c00000, 0x00000007b6ee0000, 0x00000007e6960000)
  object space 52096K, 30% used [0x00000007b3c00000,0x00000007b4b8eaa8,0x00000007b6ee0000)
 PSPermGen       total 43712K, used 43693K [0x00000007abc00000, 0x00000007ae6b0000, 0x00000007b3c00000)
  object space 43712K, 99% used [0x00000007abc00000,0x00000007ae6ab4d0,0x00000007ae6b0000)

Card table byte_map: [0x0000000106cb8000,0x0000000106f5b000] byte_map_base: 0x0000000102f5a000

Polling page: 0x0000000102ef9000

Code Cache  [0x0000000103bf8000, 0x0000000103fc8000, 0x0000000106bf8000)
 total_blobs=1297 nmethods=878 adapters=371 free_code_cache=45481Kb largest_free_block=46374272

Compilation events (10 events):
Event: 8133.408 Thread 0x00007ffaa185f000 nmethod 940 0x0000000103cca710 code [0x0000000103cca840, 0x0000000103cca938]
Event: 8133.409 Thread 0x00007ffaa185f000  941             org.hibernate.validator.internal.metadata.location.MethodConstraintLocation::getMember (5 bytes)
Event: 8133.409 Thread 0x00007ffaa185f000 nmethod 941 0x0000000103cca510 code [0x0000000103cca640, 0x0000000103cca6b8]
Event: 8133.409 Thread 0x00007ffaa185f000  942             org.hibernate.validator.internal.util.ReflectionHelper::getPropertyName (84 bytes)
Event: 8133.418 Thread 0x00007ffaa185d800 nmethod 938 0x0000000103d08190 code [0x0000000103d08380, 0x0000000103d08b20]
Event: 8133.418 Thread 0x00007ffaa185d800  943             org.mortbay.io.ByteArrayBuffer::hashCode (124 bytes)
Event: 8133.424 Thread 0x00007ffaa185d800 nmethod 943 0x0000000103d07c90 code [0x0000000103d07de0, 0x0000000103d08058]
Event: 8133.438 Thread 0x00007ffaa185f000 nmethod 942 0x0000000103cd2190 code [0x0000000103cd23a0, 0x0000000103cd2f88]
Event: 8133.459 Thread 0x00007ffaa185d800  944             java.net.URLStreamHandler::getDefaultPort (2 bytes)
Event: 8133.459 Thread 0x00007ffaa185d800 nmethod 944 0x0000000103d1f290 code [0x0000000103d1f3c0, 0x0000000103d1f418]

GC Heap History (10 events):
Event: 3.927 GC heap before
{Heap before GC invocations=7 (full 0):
 PSYoungGen      total 82880K, used 81950K [0x00000007e6960000, 0x00000007ebf00000, 0x0000000800000000)
  eden space 78272K, 100% used [0x00000007e6960000,0x00000007eb5d0000,0x00000007eb5d0000)
  from space 4608K, 79% used [0x00000007eba60000,0x00000007ebdf7a18,0x00000007ebee0000)
  to   space 4672K, 0% used [0x00000007eb5d0000,0x00000007eb5d0000,0x00000007eba60000)
 ParOldGen       total 52096K, used 1583K [0x00000007b3c00000, 0x00000007b6ee0000, 0x00000007e6960000)
  object space 52096K, 3% used [0x00000007b3c00000,0x00000007b3d8be98,0x00000007b6ee0000)
 PSPermGen       total 21248K, used 13903K [0x00000007abc00000, 0x00000007ad0c0000, 0x00000007b3c00000)
  object space 21248K, 65% used [0x00000007abc00000,0x00000007ac993f18,0x00000007ad0c0000)
Event: 3.942 GC heap after
Heap after GC invocations=7 (full 0):
 PSYoungGen      total 82944K, used 2682K [0x00000007e6960000, 0x00000007f0b40000, 0x0000000800000000)
  eden space 78272K, 0% used [0x00000007e6960000,0x00000007e6960000,0x00000007eb5d0000)
  from space 4672K, 57% used [0x00000007eb5d0000,0x00000007eb86ea10,0x00000007eba60000)
  to   space 4608K, 0% used [0x00000007f06c0000,0x00000007f06c0000,0x00000007f0b40000)
 ParOldGen       total 52096K, used 2984K [0x00000007b3c00000, 0x00000007b6ee0000, 0x00000007e6960000)
  object space 52096K, 5% used [0x00000007b3c00000,0x00000007b3eea088,0x00000007b6ee0000)
 PSPermGen       total 21248K, used 13903K [0x00000007abc00000, 0x00000007ad0c0000, 0x00000007b3c00000)
  object space 21248K, 65% used [0x00000007abc00000,0x00000007ac993f18,0x00000007ad0c0000)
}
Event: 5.071 GC heap before
{Heap before GC invocations=8 (full 0):
 PSYoungGen      total 82944K, used 80954K [0x00000007e6960000, 0x00000007f0b40000, 0x0000000800000000)
  eden space 78272K, 100% used [0x00000007e6960000,0x00000007eb5d0000,0x00000007eb5d0000)
  from space 4672K, 57% used [0x00000007eb5d0000,0x00000007eb86ea10,0x00000007eba60000)
  to   space 4608K, 0% used [0x00000007f06c0000,0x00000007f06c0000,0x00000007f0b40000)
 ParOldGen       total 52096K, used 2984K [0x00000007b3c00000, 0x00000007b6ee0000, 0x00000007e6960000)
  object space 52096K, 5% used [0x00000007b3c00000,0x00000007b3eea088,0x00000007b6ee0000)
 PSPermGen       total 21248K, used 17319K [0x00000007abc00000, 0x00000007ad0c0000, 0x00000007b3c00000)
  object space 21248K, 81% used [0x00000007abc00000,0x00000007acce9e40,0x00000007ad0c0000)
Event: 5.090 GC heap after
Heap after GC invocations=8 (full 0):
 PSYoungGen      total 160768K, used 4460K [0x00000007e6960000, 0x00000007f0c00000, 0x0000000800000000)
  eden space 156160K, 0% used [0x00000007e6960000,0x00000007e6960000,0x00000007f01e0000)
  from space 4608K, 96% used [0x00000007f06c0000,0x00000007f0b1b020,0x00000007f0b40000)
  to   space 4992K, 0% used [0x00000007f01e0000,0x00000007f01e0000,0x00000007f06c0000)
 ParOldGen       total 52096K, used 3676K [0x00000007b3c00000, 0x00000007b6ee0000, 0x00000007e6960000)
  object space 52096K, 7% used [0x00000007b3c00000,0x00000007b3f97098,0x00000007b6ee0000)
 PSPermGen       total 21248K, used 17319K [0x00000007abc00000, 0x00000007ad0c0000, 0x00000007b3c00000)
  object space 21248K, 81% used [0x00000007abc00000,0x00000007acce9e40,0x00000007ad0c0000)
}
Event: 6.913 GC heap before
{Heap before GC invocations=9 (full 0):
 PSYoungGen      total 160768K, used 160620K [0x00000007e6960000, 0x00000007f0c00000, 0x0000000800000000)
  eden space 156160K, 100% used [0x00000007e6960000,0x00000007f01e0000,0x00000007f01e0000)
  from space 4608K, 96% used [0x00000007f06c0000,0x00000007f0b1b020,0x00000007f0b40000)
  to   space 4992K, 0% used [0x00000007f01e0000,0x00000007f01e0000,0x00000007f06c0000)
 ParOldGen       total 52096K, used 3676K [0x00000007b3c00000, 0x00000007b6ee0000, 0x00000007e6960000)
  object space 52096K, 7% used [0x00000007b3c00000,0x00000007b3f97098,0x00000007b6ee0000)
 PSPermGen       total 23552K, used 23435K [0x00000007abc00000, 0x00000007ad300000, 0x00000007b3c00000)
  object space 23552K, 99% used [0x00000007abc00000,0x00000007ad2e2c10,0x00000007ad300000)
Event: 6.933 GC heap after
Heap after GC invocations=9 (full 0):
 PSYoungGen      total 161152K, used 4960K [0x00000007e6960000, 0x00000007f6a60000, 0x0000000800000000)
  eden space 156160K, 0% used [0x00000007e6960000,0x00000007e6960000,0x00000007f01e0000)
  from space 4992K, 99% used [0x00000007f01e0000,0x00000007f06b81c8,0x00000007f06c0000)
  to   space 6656K, 0% used [0x00000007f63e0000,0x00000007f63e0000,0x00000007f6a60000)
 ParOldGen       total 52096K, used 6630K [0x00000007b3c00000, 0x00000007b6ee0000, 0x00000007e6960000)
  object space 52096K, 12% used [0x00000007b3c00000,0x00000007b42799f0,0x00000007b6ee0000)
 PSPermGen       total 23552K, used 23435K [0x00000007abc00000, 0x00000007ad300000, 0x00000007b3c00000)
  object space 23552K, 99% used [0x00000007abc00000,0x00000007ad2e2c10,0x00000007ad300000)
}
Event: 8.971 GC heap before
{Heap before GC invocations=10 (full 0):
 PSYoungGen      total 161152K, used 161120K [0x00000007e6960000, 0x00000007f6a60000, 0x0000000800000000)
  eden space 156160K, 100% used [0x00000007e6960000,0x00000007f01e0000,0x00000007f01e0000)
  from space 4992K, 99% used [0x00000007f01e0000,0x00000007f06b81c8,0x00000007f06c0000)
  to   space 6656K, 0% used [0x00000007f63e0000,0x00000007f63e0000,0x00000007f6a60000)
 ParOldGen       total 52096K, used 6630K [0x00000007b3c00000, 0x00000007b6ee0000, 0x00000007e6960000)
  object space 52096K, 12% used [0x00000007b3c00000,0x00000007b42799f0,0x00000007b6ee0000)
 PSPermGen       total 32384K, used 32265K [0x00000007abc00000, 0x00000007adba0000, 0x00000007b3c00000)
  object space 32384K, 99% used [0x00000007abc00000,0x00000007adb82718,0x00000007adba0000)
Event: 9.009 GC heap after
Heap after GC invocations=10 (full 0):
 PSYoungGen      total 253824K, used 6633K [0x00000007e6960000, 0x00000007f6fa0000, 0x0000000800000000)
  eden space 247168K, 0% used [0x00000007e6960000,0x00000007e6960000,0x00000007f5ac0000)
  from space 6656K, 99% used [0x00000007f63e0000,0x00000007f6a5a488,0x00000007f6a60000)
  to   space 9344K, 0% used [0x00000007f5ac0000,0x00000007f5ac0000,0x00000007f63e0000)
 ParOldGen       total 52096K, used 11922K [0x00000007b3c00000, 0x00000007b6ee0000, 0x00000007e6960000)
  object space 52096K, 22% used [0x00000007b3c00000,0x00000007b47a4a88,0x00000007b6ee0000)
 PSPermGen       total 32384K, used 32265K [0x00000007abc00000, 0x00000007adba0000, 0x00000007b3c00000)
  object space 32384K, 99% used [0x00000007abc00000,0x00000007adb82718,0x00000007adba0000)
}
Event: 12.336 GC heap before
{Heap before GC invocations=11 (full 0):
 PSYoungGen      total 253824K, used 253801K [0x00000007e6960000, 0x00000007f6fa0000, 0x0000000800000000)
  eden space 247168K, 100% used [0x00000007e6960000,0x00000007f5ac0000,0x00000007f5ac0000)
  from space 6656K, 99% used [0x00000007f63e0000,0x00000007f6a5a488,0x00000007f6a60000)
  to   space 9344K, 0% used [0x00000007f5ac0000,0x00000007f5ac0000,0x00000007f63e0000)
 ParOldGen       total 52096K, used 11922K [0x00000007b3c00000, 0x00000007b6ee0000, 0x00000007e6960000)
  object space 52096K, 22% used [0x00000007b3c00000,0x00000007b47a4a88,0x00000007b6ee0000)
 PSPermGen       total 37952K, used 37772K [0x00000007abc00000, 0x00000007ae110000, 0x00000007b3c00000)
  object space 37952K, 99% used [0x00000007abc00000,0x00000007ae0e3050,0x00000007ae110000)
Event: 12.379 GC heap after
Heap after GC invocations=11 (full 0):
 PSYoungGen      total 256512K, used 8857K [0x00000007e6960000, 0x0000000800000000, 0x0000000800000000)
  eden space 247168K, 0% used [0x00000007e6960000,0x00000007e6960000,0x00000007f5ac0000)
  from space 9344K, 94% used [0x00000007f5ac0000,0x00000007f6366760,0x00000007f63e0000)
  to   space 10432K, 0% used [0x00000007ff5d0000,0x00000007ff5d0000,0x0000000800000000)
 ParOldGen       total 52096K, used 15930K [0x00000007b3c00000, 0x00000007b6ee0000, 0x00000007e6960000)
  object space 52096K, 30% used [0x00000007b3c00000,0x00000007b4b8eaa8,0x00000007b6ee0000)
 PSPermGen       total 37952K, used 37772K [0x00000007abc00000, 0x00000007ae110000, 0x00000007b3c00000)
  object space 37952K, 99% used [0x00000007abc00000,0x00000007ae0e3050,0x00000007ae110000)
}

Deoptimization events (10 events):
Event: 8133.181 Thread 0x00007ffaa30ee000 Uncommon trap -34 fr.pc 0x0000000103c8a7cc
Event: 8133.218 Thread 0x00007ffaa30ee000 Uncommon trap -34 fr.pc 0x0000000103dc2870
Event: 8133.260 Thread 0x00007ffaa30ee000 Uncommon trap -58 fr.pc 0x0000000103d88fe0
Event: 8133.285 Thread 0x00007ffaa30ee000 Uncommon trap -122 fr.pc 0x0000000103ccc960
Event: 8133.299 Thread 0x00007ffaa30ee000 Uncommon trap -34 fr.pc 0x0000000103eb0964
Event: 8133.317 Thread 0x00007ffaa30ee000 Uncommon trap -58 fr.pc 0x0000000103d88fe0
Event: 8133.333 Thread 0x00007ffaa30ee000 Uncommon trap -58 fr.pc 0x0000000103d88fe0
Event: 8133.376 Thread 0x00007ffaa30ee000 Uncommon trap -58 fr.pc 0x0000000103d88fe0
Event: 8133.378 Thread 0x00007ffaa30ee000 Uncommon trap -58 fr.pc 0x0000000103d887f8
Event: 8133.429 Thread 0x00007ffaa30ee000 Uncommon trap -58 fr.pc 0x0000000103d887f8

Internal exceptions (10 events):
Event: 8133.468 Thread 0x00007ffaa30ee000 Threw 0x00000007efcfbd80 at /HUDSON/workspace/jdk7u10-2-build-macosx-amd64-product/jdk7u10/hotspot/src/share/vm/prims/jvm.cpp:1166
Event: 8133.469 Thread 0x00007ffaa30ee000 Threw 0x00000007efcfcc98 at /HUDSON/workspace/jdk7u10-2-build-macosx-amd64-product/jdk7u10/hotspot/src/share/vm/prims/jvm.cpp:1166
Event: 8133.469 Thread 0x00007ffaa30ee000 Threw 0x00000007efd0a848 at /HUDSON/workspace/jdk7u10-2-build-macosx-amd64-product/jdk7u10/hotspot/src/share/vm/prims/jvm.cpp:1166
Event: 8133.469 Thread 0x00007ffaa30ee000 Threw 0x00000007efd0b5c0 at /HUDSON/workspace/jdk7u10-2-build-macosx-amd64-product/jdk7u10/hotspot/src/share/vm/prims/jvm.cpp:1166
Event: 8133.470 Thread 0x00007ffaa30ee000 Threw 0x00000007efd10cb8 at /HUDSON/workspace/jdk7u10-2-build-macosx-amd64-product/jdk7u10/hotspot/src/share/vm/prims/jvm.cpp:1166
Event: 8133.470 Thread 0x00007ffaa30ee000 Threw 0x00000007efd11a30 at /HUDSON/workspace/jdk7u10-2-build-macosx-amd64-product/jdk7u10/hotspot/src/share/vm/prims/jvm.cpp:1166
Event: 8133.473 Thread 0x00007ffaa30ee000 Threw 0x00000007efd18358 at /HUDSON/workspace/jdk7u10-2-build-macosx-amd64-product/jdk7u10/hotspot/src/share/vm/prims/jvm.cpp:1166
Event: 8133.473 Thread 0x00007ffaa30ee000 Threw 0x00000007efd19118 at /HUDSON/workspace/jdk7u10-2-build-macosx-amd64-product/jdk7u10/hotspot/src/share/vm/prims/jvm.cpp:1166
Event: 8133.475 Thread 0x00007ffaa30ee000 Threw 0x00000007efd23748 at /HUDSON/workspace/jdk7u10-2-build-macosx-amd64-product/jdk7u10/hotspot/src/share/vm/prims/jvm.cpp:1166
Event: 8133.475 Thread 0x00007ffaa30ee000 Threw 0x00000007efd244c0 at /HUDSON/workspace/jdk7u10-2-build-macosx-amd64-product/jdk7u10/hotspot/src/share/vm/prims/jvm.cpp:1166

Events (10 events):
Event: 8133.468 loading class 0x00007ffaa16d19c0
Event: 8133.468 loading class 0x00007ffaa16d19c0 done
Event: 8133.469 loading class 0x00007ffaa16d1a40
Event: 8133.469 loading class 0x00007ffaa16d1a40 done
Event: 8133.470 loading class 0x00007ffaac9690e0
Event: 8133.470 loading class 0x00007ffaac9690e0 done
Event: 8133.473 loading class 0x0000000102fc7750
Event: 8133.473 loading class 0x0000000102fc7750 done
Event: 8133.475 loading class 0x00007ffaa16d59e0
Event: 8133.475 loading class 0x00007ffaa16d59e0 done


Dynamic libraries:
0x0000000001d98000 	/System/Library/Frameworks/Cocoa.framework/Versions/A/Cocoa
0x0000000001d98000 	/System/Library/Frameworks/Security.framework/Versions/A/Security
0x0000000001d98000 	/System/Library/Frameworks/ApplicationServices.framework/Versions/A/ApplicationServices
0x0000000001d98000 	/usr/lib/libz.1.dylib
0x0000000001d98000 	/usr/lib/libSystem.B.dylib
0x0000000001d98000 	/usr/lib/libobjc.A.dylib
0x0000000001d98000 	/System/Library/Frameworks/CoreFoundation.framework/Versions/A/CoreFoundation
0x0000000001d98000 	/System/Library/Frameworks/AppKit.framework/Versions/C/AppKit
0x0000000001d98000 	/System/Library/Frameworks/CoreData.framework/Versions/A/CoreData
0x0000000001d98000 	/System/Library/Frameworks/Foundation.framework/Versions/C/Foundation
0x0000000001d98000 	/System/Library/PrivateFrameworks/RemoteViewServices.framework/Versions/A/RemoteViewServices
0x0000000001d98000 	/System/Library/Frameworks/AudioToolbox.framework/Versions/A/AudioToolbox
0x0000000001d98000 	/System/Library/Frameworks/AudioUnit.framework/Versions/A/AudioUnit
0x0000000001d98000 	/System/Library/PrivateFrameworks/DataDetectorsCore.framework/Versions/A/DataDetectorsCore
0x0000000001d98000 	/System/Library/PrivateFrameworks/DesktopServicesPriv.framework/Versions/A/DesktopServicesPriv
0x0000000001d98000 	/System/Library/Frameworks/Carbon.framework/Versions/A/Frameworks/HIToolbox.framework/Versions/A/HIToolbox
0x0000000001d98000 	/System/Library/Frameworks/QuartzCore.framework/Versions/A/QuartzCore
0x0000000001d98000 	/System/Library/Frameworks/Carbon.framework/Versions/A/Frameworks/SpeechRecognition.framework/Versions/A/SpeechRecognition
0x0000000001d98000 	/usr/lib/libauto.dylib
0x0000000001d98000 	/usr/lib/libicucore.A.dylib
0x0000000001d98000 	/usr/lib/libxml2.2.dylib
0x0000000001d98000 	/System/Library/PrivateFrameworks/CoreUI.framework/Versions/A/CoreUI
0x0000000001d98000 	/System/Library/Frameworks/CoreAudio.framework/Versions/A/CoreAudio
0x0000000001d98000 	/System/Library/Frameworks/DiskArbitration.framework/Versions/A/DiskArbitration
0x0000000001d98000 	/usr/lib/liblangid.dylib
0x0000000001d98000 	/System/Library/PrivateFrameworks/MultitouchSupport.framework/Versions/A/MultitouchSupport
0x0000000001d98000 	/System/Library/Frameworks/IOKit.framework/Versions/A/IOKit
0x0000000001d98000 	/usr/lib/libDiagnosticMessagesClient.dylib
0x0000000001d98000 	/System/Library/Frameworks/CoreServices.framework/Versions/A/CoreServices
0x0000000001d98000 	/System/Library/PrivateFrameworks/PerformanceAnalysis.framework/Versions/A/PerformanceAnalysis
0x0000000001d98000 	/System/Library/PrivateFrameworks/GenerationalStorage.framework/Versions/A/GenerationalStorage
0x0000000001d98000 	/System/Library/Frameworks/OpenGL.framework/Versions/A/OpenGL
0x0000000001d98000 	/System/Library/Frameworks/CoreServices.framework/Versions/A/Frameworks/CFNetwork.framework/Versions/A/CFNetwork
0x0000000001d98000 	/System/Library/Frameworks/SystemConfiguration.framework/Versions/A/SystemConfiguration
0x0000000001d98000 	/usr/lib/libCRFSuite.dylib
0x0000000001d98000 	/usr/lib/libc++.1.dylib
0x0000000001d98000 	/usr/lib/libstdc++.6.dylib
0x0000000001d98000 	/usr/lib/libc++abi.dylib
0x0000000001d98000 	/usr/lib/system/libcache.dylib
0x0000000001d98000 	/usr/lib/system/libcommonCrypto.dylib
0x0000000001d98000 	/usr/lib/system/libcompiler_rt.dylib
0x0000000001d98000 	/usr/lib/system/libcopyfile.dylib
0x0000000001d98000 	/usr/lib/system/libdispatch.dylib
0x0000000001d98000 	/usr/lib/system/libdnsinfo.dylib
0x0000000001d98000 	/usr/lib/system/libdyld.dylib
0x0000000001d98000 	/usr/lib/system/libkeymgr.dylib
0x0000000001d98000 	/usr/lib/system/liblaunch.dylib
0x0000000001d98000 	/usr/lib/system/libmacho.dylib
0x0000000001d98000 	/usr/lib/system/libmathCommon.A.dylib
0x0000000001d98000 	/usr/lib/system/libquarantine.dylib
0x0000000001d98000 	/usr/lib/system/libremovefile.dylib
0x0000000001d98000 	/usr/lib/system/libsystem_blocks.dylib
0x0000000001d98000 	/usr/lib/system/libsystem_c.dylib
0x0000000001d98000 	/usr/lib/system/libsystem_dnssd.dylib
0x0000000001d98000 	/usr/lib/system/libsystem_info.dylib
0x0000000001d98000 	/usr/lib/system/libsystem_kernel.dylib
0x0000000001d98000 	/usr/lib/system/libsystem_network.dylib
0x0000000001d98000 	/usr/lib/system/libsystem_notify.dylib
0x0000000001d98000 	/usr/lib/system/libsystem_sandbox.dylib
0x0000000001d98000 	/usr/lib/system/libunc.dylib
0x0000000001d98000 	/usr/lib/system/libunwind.dylib
0x0000000001d98000 	/usr/lib/system/libxpc.dylib
0x0000000001d98000 	/usr/lib/libbsm.0.dylib
0x0000000001d98000 	/usr/lib/libsqlite3.dylib
0x0000000001d98000 	/usr/lib/libOpenScriptingUtil.dylib
0x0000000001d98000 	/usr/lib/libpam.2.dylib
0x0000000001d98000 	/usr/lib/libxar-nossl.dylib
0x0000000001d98000 	/usr/lib/libbz2.1.0.dylib
0x0000000001d98000 	/System/Library/Frameworks/CoreServices.framework/Versions/A/Frameworks/CarbonCore.framework/Versions/A/CarbonCore
0x0000000001d98000 	/System/Library/Frameworks/CoreServices.framework/Versions/A/Frameworks/Metadata.framework/Versions/A/Metadata
0x0000000001d98000 	/System/Library/Frameworks/CoreServices.framework/Versions/A/Frameworks/OSServices.framework/Versions/A/OSServices
0x0000000001d98000 	/System/Library/Frameworks/CoreServices.framework/Versions/A/Frameworks/SearchKit.framework/Versions/A/SearchKit
0x0000000001d98000 	/System/Library/Frameworks/CoreServices.framework/Versions/A/Frameworks/AE.framework/Versions/A/AE
0x0000000001d98000 	/System/Library/Frameworks/CoreServices.framework/Versions/A/Frameworks/LaunchServices.framework/Versions/A/LaunchServices
0x0000000001d98000 	/System/Library/Frameworks/CoreServices.framework/Versions/A/Frameworks/DictionaryServices.framework/Versions/A/DictionaryServices
0x0000000001d98000 	/System/Library/Frameworks/NetFS.framework/Versions/A/NetFS
0x0000000001d98000 	/usr/lib/system/libkxld.dylib
0x0000000001d98000 	/System/Library/PrivateFrameworks/NetAuth.framework/Versions/A/NetAuth
0x0000000001d98000 	/usr/lib/libcrypto.0.9.8.dylib
0x0000000001d98000 	/System/Library/PrivateFrameworks/TrustEvaluationAgent.framework/Versions/A/TrustEvaluationAgent
0x0000000001d98000 	/System/Library/Frameworks/OpenDirectory.framework/Versions/A/Frameworks/CFOpenDirectory.framework/Versions/A/CFOpenDirectory
0x0000000001d98000 	/usr/lib/libxslt.1.dylib
0x0000000001d98000 	/System/Library/PrivateFrameworks/FamilyControls.framework/Versions/A/FamilyControls
0x0000000001d98000 	/System/Library/Frameworks/Carbon.framework/Versions/A/Frameworks/Ink.framework/Versions/A/Ink
0x0000000001d98000 	/System/Library/Frameworks/ApplicationServices.framework/Versions/A/Frameworks/CoreGraphics.framework/Versions/A/CoreGraphics
0x0000000001d98000 	/System/Library/Frameworks/ApplicationServices.framework/Versions/A/Frameworks/ImageIO.framework/Versions/A/ImageIO
0x0000000001d98000 	/System/Library/Frameworks/ApplicationServices.framework/Versions/A/Frameworks/CoreText.framework/Versions/A/CoreText
0x0000000001d98000 	/System/Library/Frameworks/ApplicationServices.framework/Versions/A/Frameworks/ATS.framework/Versions/A/ATS
0x0000000001d98000 	/System/Library/Frameworks/ApplicationServices.framework/Versions/A/Frameworks/ColorSync.framework/Versions/A/ColorSync
0x0000000001d98000 	/System/Library/Frameworks/ApplicationServices.framework/Versions/A/Frameworks/HIServices.framework/Versions/A/HIServices
0x0000000001d98000 	/System/Library/Frameworks/ApplicationServices.framework/Versions/A/Frameworks/LangAnalysis.framework/Versions/A/LangAnalysis
0x0000000001d98000 	/System/Library/Frameworks/ApplicationServices.framework/Versions/A/Frameworks/PrintCore.framework/Versions/A/PrintCore
0x0000000001d98000 	/System/Library/Frameworks/ApplicationServices.framework/Versions/A/Frameworks/QD.framework/Versions/A/QD
0x0000000001d98000 	/System/Library/Frameworks/ApplicationServices.framework/Versions/A/Frameworks/SpeechSynthesis.framework/Versions/A/SpeechSynthesis
0x0000000001d98000 	/System/Library/Frameworks/IOSurface.framework/Versions/A/IOSurface
0x0000000001d98000 	/System/Library/Frameworks/Accelerate.framework/Versions/A/Accelerate
0x0000000001d98000 	/System/Library/Frameworks/ApplicationServices.framework/Versions/A/Frameworks/ImageIO.framework/Versions/A/Resources/libJPEG.dylib
0x0000000001d98000 	/System/Library/Frameworks/ApplicationServices.framework/Versions/A/Frameworks/ImageIO.framework/Versions/A/Resources/libTIFF.dylib
0x0000000001d98000 	/System/Library/Frameworks/ApplicationServices.framework/Versions/A/Frameworks/ImageIO.framework/Versions/A/Resources/libPng.dylib
0x0000000001d98000 	/System/Library/Frameworks/ApplicationServices.framework/Versions/A/Frameworks/ImageIO.framework/Versions/A/Resources/libGIF.dylib
0x0000000001d98000 	/System/Library/Frameworks/ApplicationServices.framework/Versions/A/Frameworks/ImageIO.framework/Versions/A/Resources/libJP2.dylib
0x0000000001d98000 	/System/Library/Frameworks/ApplicationServices.framework/Versions/A/Frameworks/ImageIO.framework/Versions/A/Resources/libRadiance.dylib
0x0000000001d98000 	/System/Library/Frameworks/Accelerate.framework/Versions/A/Frameworks/vImage.framework/Versions/A/vImage
0x0000000001d98000 	/System/Library/Frameworks/Accelerate.framework/Versions/A/Frameworks/vecLib.framework/Versions/A/vecLib
0x0000000001d98000 	/System/Library/Frameworks/Accelerate.framework/Versions/A/Frameworks/vecLib.framework/Versions/A/libvDSP.dylib
0x0000000001d98000 	/System/Library/Frameworks/Accelerate.framework/Versions/A/Frameworks/vecLib.framework/Versions/A/libvMisc.dylib
0x0000000001d98000 	/System/Library/Frameworks/Accelerate.framework/Versions/A/Frameworks/vecLib.framework/Versions/A/libLAPACK.dylib
0x0000000001d98000 	/System/Library/Frameworks/Accelerate.framework/Versions/A/Frameworks/vecLib.framework/Versions/A/libBLAS.dylib
0x0000000001d98000 	/System/Library/Frameworks/ApplicationServices.framework/Versions/A/Frameworks/ATS.framework/Versions/A/Resources/libFontParser.dylib
0x0000000001d98000 	/System/Library/Frameworks/ApplicationServices.framework/Versions/A/Frameworks/ATS.framework/Versions/A/Resources/libFontRegistry.dylib
0x0000000001d98000 	/usr/lib/libcups.2.dylib
0x0000000001d98000 	/System/Library/Frameworks/Kerberos.framework/Versions/A/Kerberos
0x0000000001d98000 	/System/Library/Frameworks/GSS.framework/Versions/A/GSS
0x0000000001d98000 	/usr/lib/libresolv.9.dylib
0x0000000001d98000 	/usr/lib/libiconv.2.dylib
0x0000000001d98000 	/System/Library/PrivateFrameworks/Heimdal.framework/Versions/A/Heimdal
0x0000000001d98000 	/System/Library/Frameworks/OpenDirectory.framework/Versions/A/OpenDirectory
0x0000000001d98000 	/System/Library/PrivateFrameworks/CommonAuth.framework/Versions/A/CommonAuth
0x0000000001d98000 	/System/Library/Frameworks/CoreVideo.framework/Versions/A/CoreVideo
0x0000000001d98000 	/System/Library/Frameworks/QuartzCore.framework/Versions/A/Frameworks/CoreImage.framework/Versions/A/CoreImage
0x0000000001d98000 	/System/Library/Frameworks/QuartzCore.framework/Versions/A/Frameworks/ScalableUserInterface.framework/Versions/A/ScalableUserInterface
0x0000000001d98000 	/System/Library/Frameworks/OpenGL.framework/Versions/A/Libraries/libGLU.dylib
0x0000000001d98000 	/System/Library/Frameworks/OpenGL.framework/Versions/A/Libraries/libGFXShared.dylib
0x0000000001d98000 	/System/Library/Frameworks/OpenGL.framework/Versions/A/Libraries/libGL.dylib
0x0000000001d98000 	/System/Library/Frameworks/OpenGL.framework/Versions/A/Libraries/libGLImage.dylib
0x0000000001d98000 	/System/Library/Frameworks/OpenGL.framework/Versions/A/Libraries/libCVMSPluginSupport.dylib
0x0000000001d98000 	/System/Library/Frameworks/OpenGL.framework/Versions/A/Libraries/libCoreVMClient.dylib
0x0000000001d98000 	/System/Library/Frameworks/OpenCL.framework/Versions/A/OpenCL
0x0000000001d98000 	/System/Library/PrivateFrameworks/FaceCoreLight.framework/Versions/A/FaceCoreLight
0x0000000001d98000 	/System/Library/Frameworks/vecLib.framework/Versions/A/vecLib
0x0000000001d98000 	/System/Library/Frameworks/SecurityFoundation.framework/Versions/A/SecurityFoundation
0x0000000001d98000 	/System/Library/PrivateFrameworks/CommerceKit.framework/Versions/A/Frameworks/CommerceCore.framework/Versions/A/CommerceCore
0x0000000001d98000 	/System/Library/PrivateFrameworks/CoreSymbolication.framework/Versions/A/CoreSymbolication
0x0000000001d98000 	/System/Library/PrivateFrameworks/Symbolication.framework/Versions/A/Symbolication
0x0000000001d98000 	/System/Library/PrivateFrameworks/DebugSymbols.framework/Versions/A/DebugSymbols
0x0000000103000000 	/Library/Java/JavaVirtualMachines/jdk1.7.0_10.jdk/Contents/Home/jre/lib/server/libjvm.dylib
0x0000000103baa000 	/Library/Java/JavaVirtualMachines/jdk1.7.0_10.jdk/Contents/Home/jre/lib/libverify.dylib
0x0000000103bb7000 	/Library/Java/JavaVirtualMachines/jdk1.7.0_10.jdk/Contents/Home/jre/lib/libjava.dylib
0x0000000103bef000 	/Library/Java/JavaVirtualMachines/jdk1.7.0_10.jdk/Contents/Home/jre/lib/libzip.dylib
0x000000010bf10000 	/System/Library/Frameworks/JavaVM.framework/Frameworks/JavaRuntimeSupport.framework/JavaRuntimeSupport
0x000000010bf28000 	/System/Library/Frameworks/JavaVM.framework/Versions/A/Frameworks/JavaNativeFoundation.framework/Versions/A/JavaNativeFoundation
0x000000010bf3d000 	/System/Library/Frameworks/JavaVM.framework/Versions/A/JavaVM
0x0000000001d98000 	/System/Library/Frameworks/Carbon.framework/Versions/A/Carbon
0x000000010bf4a000 	/System/Library/PrivateFrameworks/JavaLaunching.framework/Versions/A/JavaLaunching
0x0000000001d98000 	/System/Library/Frameworks/Carbon.framework/Versions/A/Frameworks/CommonPanels.framework/Versions/A/CommonPanels
0x0000000001d98000 	/System/Library/Frameworks/Carbon.framework/Versions/A/Frameworks/Help.framework/Versions/A/Help
0x0000000001d98000 	/System/Library/Frameworks/Carbon.framework/Versions/A/Frameworks/ImageCapture.framework/Versions/A/ImageCapture
0x0000000001d98000 	/System/Library/Frameworks/Carbon.framework/Versions/A/Frameworks/OpenScripting.framework/Versions/A/OpenScripting
0x0000000001d98000 	/System/Library/Frameworks/Carbon.framework/Versions/A/Frameworks/Print.framework/Versions/A/Print
0x0000000001d98000 	/System/Library/Frameworks/Carbon.framework/Versions/A/Frameworks/SecurityHI.framework/Versions/A/SecurityHI
0x000000010c6e5000 	/Library/Java/JavaVirtualMachines/jdk1.7.0_10.jdk/Contents/Home/jre/lib/libnet.dylib
0x000000010c785000 	/Library/Java/JavaVirtualMachines/jdk1.7.0_10.jdk/Contents/Home/jre/lib/libnio.dylib

VM Arguments:
jvm_args: -Drjrcontext=/web -Drjrwebapp=/Users/mavarazy/work/git/gogomaya-server/web/src/main/webapp -Drjrport=8080 -Drjrsslport=8443 -Drjrkeystore=/Users/mavarazy/.keystore -Drjrkeypassword=changeit -Drjrpassword=changeit -Drjrscanintervalseconds=5 -Drjrenablescanner=false -Drjrenablessl=false -Drjrneedclientauth=false -Drjrparentloaderpriority=true -DrjrenbaleJNDI=false -XX:MaxPermSize=128m -Drjrclasspath=file:///Users/mavarazy/Documents/workspace/.metadata/.plugins/runjettyrun/web.classpath -Drjrscanlist=file:///Users/mavarazy/Documents/workspace/.metadata/.plugins/runjettyrun/web.scanlist -DrjrResourceMapping= -DrjrEclipseListener=56723 -Dfile.encoding=UTF-8 
java_command: runjettyrun.Bootstrap
Launcher Type: SUN_STANDARD

Environment Variables:
PATH=/usr/bin:/bin:/usr/sbin:/sbin
SHELL=/bin/bash
DISPLAY=/tmp/launch-jdmN1e/org.x:0

Signal Handlers:
SIGSEGV: [libjvm.dylib+0x4a363d], sa_mask[0]=0xfffefeff, sa_flags=0x00000042
SIGBUS: [libjvm.dylib+0x4a363d], sa_mask[0]=0xfffefeff, sa_flags=0x00000042
SIGFPE: [libjvm.dylib+0x3b3051], sa_mask[0]=0xfffefeff, sa_flags=0x00000042
SIGPIPE: [libjvm.dylib+0x3b3051], sa_mask[0]=0xfffefeff, sa_flags=0x00000042
SIGXFSZ: [libjvm.dylib+0x3b3051], sa_mask[0]=0xfffefeff, sa_flags=0x00000042
SIGILL: [libjvm.dylib+0x3b3051], sa_mask[0]=0xfffefeff, sa_flags=0x00000042
SIGUSR1: SIG_DFL, sa_mask[0]=0x00000000, sa_flags=0x00000002
SIGUSR2: [libjvm.dylib+0x3b2bea], sa_mask[0]=0x00000004, sa_flags=0x00000042
SIGHUP: [libjvm.dylib+0x3b0e4b], sa_mask[0]=0xfffefeff, sa_flags=0x00000042
SIGINT: [libjvm.dylib+0x3b0e4b], sa_mask[0]=0xfffefeff, sa_flags=0x00000042
SIGTERM: [libjvm.dylib+0x3b0e4b], sa_mask[0]=0xfffefeff, sa_flags=0x00000042
SIGQUIT: [libjvm.dylib+0x3b0e4b], sa_mask[0]=0xfffefeff, sa_flags=0x00000042


---------------  S Y S T E M  ---------------

OS:Bsduname:Darwin 11.4.2 Darwin Kernel Version 11.4.2: Thu Aug 23 16:25:48 PDT 2012; root:xnu-1699.32.7~1/RELEASE_X86_64 x86_64
rlimit: STACK 8192k, CORE 0k, NPROC 709, NOFILE 10240, AS infinity
load average:6.55 4.57 3.46

CPU:total 4 (2 cores per cpu, 2 threads per core) family 6 model 42 stepping 7, cmov, cx8, fxsr, mmx, sse, sse2, sse3, ssse3, sse4.1, sse4.2, popcnt, avx, ht, tsc, tscinvbit

Memory: 4k page, physical 4996912k(1249228k free)

/proc/meminfo:


vm_info: Java HotSpot(TM) 64-Bit Server VM (23.6-b04) for bsd-amd64 JRE (1.7.0_10-b18), built on Nov 28 2012 07:52:20 by "java_re" with gcc 4.2.1 (Based on Apple Inc. build 5658) (LLVM build 2336.9.00)

time: Sun Jun 23 23:00:46 2013
elapsed time: 8133 seconds

