#
# A fatal error has been detected by the Java Runtime Environment:
#
#  SIGSEGV (0xb) at pc=0x000000010eb4ed3c, pid=98428, tid=18179
#
# JRE version: 7.0_10-b18
# Java VM: Java HotSpot(TM) 64-Bit Server VM (23.6-b04 mixed mode bsd-amd64 compressed oops)
# Problematic frame:
# V  [libjvm.dylib+0x2cbd3c]
#
# Failed to write core dump. Core dumps have been disabled. To enable core dumping, try "ulimit -c unlimited" before starting Java again
#
# If you would like to submit a bug report, please visit:
#   http://bugreport.sun.com/bugreport/crash.jsp
#

---------------  T H R E A D  ---------------

Current thread (0x00007f934c046000):  JavaThread "JDWP Transport Listener: dt_socket" daemon [_thread_in_vm, id=18179, stack(0x000000011792d000,0x0000000117a2d000)]

siginfo:si_signo=SIGSEGV: si_errno=0, si_code=0 (SEGV0), si_addr=0x0000000000000000

Registers:
RAX=0x0000000000000001, RBX=0x0000000117a2caeb, RCX=0x00000000000ba280, RDX=0x0000000117a2caeb
RSP=0x0000000117a2ca50, RBP=0x0000000117a2caa0, RSI=0x00007f934c046000, RDI=0x000000010e71a7d0
R8 =0x0000000000000002, R9 =0x0000000000000000, R10=0x00000000a57dd13a, R11=0x00000000fffdffff
R12=0x00007f934c046000, R13=0x7365547265707061, R14=0x7365547265707061, R15=0x000000010e71a7d0
RIP=0x000000010eb4ed3c, EFLAGS=0x0000000000010202, ERR=0x0000000000000000
  TRAPNO=0x000000000000000d

Top of Stack: (sp=0x0000000117a2ca50)
0x0000000117a2ca50:   00007f934c046000 0000000000000000
0x0000000117a2ca60:   0000000000000000 0000000000000000
0x0000000117a2ca70:   00007f934c046000 00007f934c046000
0x0000000117a2ca80:   0000000117a2caeb 0000000117a2caf0
0x0000000117a2ca90:   7365547265707061 0000000000000004
0x0000000117a2caa0:   0000000117a2cac0 000000010f47d280
0x0000000117a2cab0:   0000000000000001 0000000117a2cb68
0x0000000117a2cac0:   0000000117a2cb30 000000010f46215b
0x0000000117a2cad0:   0000000117a2cb00 00007f9349d3b320
0x0000000117a2cae0:   0000000500000032 0000001100a2cb68
0x0000000117a2caf0:   0000000000000000 0000000000000000
0x0000000117a2cb00:   0000000000000000 0000000117a2ccf0
0x0000000117a2cb10:   000000010f484da4 00007f934b54d9e0
0x0000000117a2cb20:   0000000117a2cb68 000000010f490568
0x0000000117a2cb30:   0000000117a2cb40 000000010f462254
0x0000000117a2cb40:   0000000117a2cd60 000000010f46b75e
0x0000000117a2cb50:   000056df00000013 00007f93490f0200
0x0000000117a2cb60:   00007f934b551880 00007f9349dba17c
0x0000000117a2cb70:   00007f930000024c 00007f9349d39770
0x0000000117a2cb80:   00007f930000012c 0000000117a2cbb8
0x0000000117a2cb90:   00007f9349d39770 00007f0000000000
0x0000000117a2cba0:   000056df0000001c 00007fff00002680
0x0000000117a2cbb0:   0000000117a2cbb8 937f000005000000
0x0000000117a2cbc0:   060000001078d349 00003e74696e693c
0x0000000117a2cbd0:   0000005629280300 7f00000100000000
0x0000000117a2cbe0:   000000782ae94993 746e496b6568630d
0x0000000117a2cbf0:   0000656361667265 6176616a4c282400
0x0000000117a2cc00:   6c432f676e616c2f 616a4c293b737361
0x0000000117a2cc10:   2f676e616c2f6176 00003b7373616c43
0x0000000117a2cc20:   6176616a4c282a00 6c432f676e616c2f
0x0000000117a2cc30:   293b3e2a3c737361 616c2f6176616a4c
0x0000000117a2cc40:   7373616c432f676e 120000003b3e2a3c 

Instructions: (pc=0x000000010eb4ed3c)
0x000000010eb4ed1c:   00 00 00 41 f6 87 68 01 00 00 10 75 07 b8 63 00
0x000000010eb4ed2c:   00 00 eb 7a 4d 85 f6 75 07 b8 17 00 00 00 eb 6e
0x000000010eb4ed3c:   4d 8b 36 48 b8 fe fe fe fe fe fe fe fe 49 39 c6
0x000000010eb4ed4c:   74 e7 4d 85 f6 74 e2 48 8d 05 16 1c 46 00 80 38 

Register to memory mapping:

RAX=0x0000000000000001 is an unknown value
RBX=0x0000000117a2caeb is pointing into the stack for thread: 0x00007f934c046000
RCX=0x00000000000ba280 is an unknown value
RDX=0x0000000117a2caeb is pointing into the stack for thread: 0x00007f934c046000
RSP=0x0000000117a2ca50 is pointing into the stack for thread: 0x00007f934c046000
RBP=0x0000000117a2caa0 is pointing into the stack for thread: 0x00007f934c046000
RSI=0x00007f934c046000 is a thread
RDI=0x000000010e71a7d0 is an unknown value
R8 =0x0000000000000002 is an unknown value
R9 =0x0000000000000000 is an unknown value
R10=0x00000000a57dd13a is an unknown value
R11=0x00000000fffdffff is an unknown value
R12=0x00007f934c046000 is a thread
R13=0x7365547265707061 is an unknown value
R14=0x7365547265707061 is an unknown value
R15=0x000000010e71a7d0 is an unknown value


Stack: [0x000000011792d000,0x0000000117a2d000],  sp=0x0000000117a2ca50,  free space=1022k
Native frames: (J=compiled Java code, j=interpreted, Vv=VM code, C=native code)
V  [libjvm.dylib+0x2cbd3c]
C  [libjdwp.dylib+0x20280]  isMethodSynthetic+0x63
C  [libjdwp.dylib+0x515b]  methods1+0x10b
C  [libjdwp.dylib+0x5254]  methodsWithGeneric+0xe
C  [libjdwp.dylib+0xe75e]  debugLoop_run+0x1ce
C  [libjdwp.dylib+0x1f1ba]  attachThread+0x4d
V  [libjvm.dylib+0x30b6a6]
V  [libjvm.dylib+0x4782b4]
V  [libjvm.dylib+0x47979a]
V  [libjvm.dylib+0x3b51b5]
C  [libsystem_c.dylib+0x4e8bf]  _pthread_start+0x14f
C  [libsystem_c.dylib+0x51b75]  thread_start+0xd


---------------  P R O C E S S  ---------------

Java Threads: ( => current thread )
  0x00007f934a91c000 JavaThread "ReaderThread" [_thread_in_native, id=19971, stack(0x000000011848b000,0x000000011858b000)]
  0x00007f934a810000 JavaThread "Service Thread" daemon [_thread_blocked, id=19459, stack(0x0000000117e3c000,0x0000000117f3c000)]
  0x00007f934a80f800 JavaThread "C2 CompilerThread1" daemon [_thread_blocked, id=19203, stack(0x0000000117d39000,0x0000000117e39000)]
  0x00007f934a80d800 JavaThread "C2 CompilerThread0" daemon [_thread_blocked, id=18947, stack(0x0000000117c36000,0x0000000117d36000)]
  0x00007f934c000000 JavaThread "JDWP Command Reader" daemon [_thread_in_native, id=18691, stack(0x0000000117b33000,0x0000000117c33000)]
  0x00007f934a068000 JavaThread "JDWP Event Helper Thread" daemon [_thread_blocked, id=18435, stack(0x0000000117a30000,0x0000000117b30000)]
=>0x00007f934c046000 JavaThread "JDWP Transport Listener: dt_socket" daemon [_thread_in_vm, id=18179, stack(0x000000011792d000,0x0000000117a2d000)]
  0x00007f934b81e000 JavaThread "Signal Dispatcher" daemon [_thread_blocked, id=17923, stack(0x000000011782a000,0x000000011792a000)]
  0x00007f934a051800 JavaThread "Finalizer" daemon [_thread_blocked, id=14083, stack(0x0000000117522000,0x0000000117622000)]
  0x00007f934a050800 JavaThread "Reference Handler" daemon [_thread_blocked, id=13827, stack(0x000000011741f000,0x000000011751f000)]
  0x00007f934a037000 JavaThread "main" [_thread_blocked, id=7171, stack(0x000000010f32b000,0x000000010f42b000)]

Other Threads:
  0x00007f934a04e000 VMThread [stack: 0x000000011731c000,0x000000011741c000] [id=13571]
  0x00007f934a821000 WatcherThread [stack: 0x0000000117f3f000,0x000000011803f000] [id=19715]

VM state:not at safepoint (normal execution)

VM Mutex/Monitor currently owned by a thread: None

Heap
 PSYoungGen      total 82560K, used 77364K [0x00000007e6600000, 0x00000007ebbc0000, 0x0000000800000000)
  eden space 78464K, 93% used [0x00000007e6600000,0x00000007eadf10d0,0x00000007eb2a0000)
  from space 4096K, 90% used [0x00000007eb700000,0x00000007eba9c030,0x00000007ebb00000)
  to   space 4480K, 0% used [0x00000007eb2a0000,0x00000007eb2a0000,0x00000007eb700000)
 ParOldGen       total 52480K, used 1311K [0x00000007b3200000, 0x00000007b6540000, 0x00000007e6600000)
  object space 52480K, 2% used [0x00000007b3200000,0x00000007b3347de8,0x00000007b6540000)
 PSPermGen       total 21248K, used 15289K [0x00000007ae000000, 0x00000007af4c0000, 0x00000007b3200000)
  object space 21248K, 71% used [0x00000007ae000000,0x00000007aeeee788,0x00000007af4c0000)

Card table byte_map: [0x000000011255a000,0x00000001127eb000] byte_map_base: 0x000000010e7ea000

Polling page: 0x000000010e6e0000

Code Cache  [0x000000010f49a000, 0x000000010f70a000, 0x000000011249a000)
 total_blobs=551 nmethods=270 adapters=241 free_code_cache=47760Kb largest_free_block=48750272

Compilation events (10 events):
Event: 17.833 Thread 0x00007f934a80f800  269   !         java.util.concurrent.ConcurrentHashMap$Segment::put (237 bytes)
Event: 17.845 Thread 0x00007f934a80f800 nmethod 269 0x000000010f5d2050 code [0x000000010f5d2200, 0x000000010f5d2c08]
Event: 19.673 Thread 0x00007f934a80d800  270             sun.net.www.protocol.file.Handler::parseURL (18 bytes)
Event: 19.674 Thread 0x00007f934a80d800 nmethod 270 0x000000010f591290 code [0x000000010f5913e0, 0x000000010f5914f8]
Event: 20.846 Thread 0x00007f934a80f800  271             java.util.AbstractSet::<init> (5 bytes)
Event: 20.847 Thread 0x00007f934a80f800 nmethod 271 0x000000010f5d3b50 code [0x000000010f5d3c80, 0x000000010f5d3cd8]
Event: 20.899 Thread 0x00007f934a80d800  272             sun.misc.URLClassPath$Loader::getBaseURL (5 bytes)
Event: 20.900 Thread 0x00007f934a80d800 nmethod 272 0x000000010f5d3710 code [0x000000010f5d3840, 0x000000010f5d38b8]
Event: 37.244 Thread 0x00007f934a80f800  273             java.util.HashMap::createEntry (39 bytes)
Event: 37.246 Thread 0x00007f934a80f800 nmethod 273 0x000000010f5d4f90 code [0x000000010f5d50e0, 0x000000010f5d52f8]

GC Heap History (10 events):
Event: 0.959 GC heap before
{Heap before GC invocations=2 (full 0):
 PSYoungGen      total 22976K, used 21603K [0x00000007e6600000, 0x00000007e7fa0000, 0x0000000800000000)
  eden space 19712K, 100% used [0x00000007e6600000,0x00000007e7940000,0x00000007e7940000)
  from space 3264K, 57% used [0x00000007e7940000,0x00000007e7b18cd0,0x00000007e7c70000)
  to   space 3264K, 0% used [0x00000007e7c70000,0x00000007e7c70000,0x00000007e7fa0000)
 ParOldGen       total 52480K, used 8K [0x00000007b3200000, 0x00000007b6540000, 0x00000007e6600000)
  object space 52480K, 0% used [0x00000007b3200000,0x00000007b3202000,0x00000007b6540000)
 PSPermGen       total 21248K, used 6631K [0x00000007ae000000, 0x00000007af4c0000, 0x00000007b3200000)
  object space 21248K, 31% used [0x00000007ae000000,0x00000007ae679c80,0x00000007af4c0000)
Event: 0.964 GC heap after
Heap after GC invocations=2 (full 0):
 PSYoungGen      total 22976K, used 2187K [0x00000007e6600000, 0x00000007e92e0000, 0x0000000800000000)
  eden space 19712K, 0% used [0x00000007e6600000,0x00000007e6600000,0x00000007e7940000)
  from space 3264K, 67% used [0x00000007e7c70000,0x00000007e7e92e48,0x00000007e7fa0000)
  to   space 3264K, 0% used [0x00000007e7940000,0x00000007e7940000,0x00000007e7c70000)
 ParOldGen       total 52480K, used 8K [0x00000007b3200000, 0x00000007b6540000, 0x00000007e6600000)
  object space 52480K, 0% used [0x00000007b3200000,0x00000007b3202000,0x00000007b6540000)
 PSPermGen       total 21248K, used 6631K [0x00000007ae000000, 0x00000007af4c0000, 0x00000007b3200000)
  object space 21248K, 31% used [0x00000007ae000000,0x00000007ae679c80,0x00000007af4c0000)
}
Event: 1.186 GC heap before
{Heap before GC invocations=3 (full 0):
 PSYoungGen      total 22976K, used 21899K [0x00000007e6600000, 0x00000007e92e0000, 0x0000000800000000)
  eden space 19712K, 100% used [0x00000007e6600000,0x00000007e7940000,0x00000007e7940000)
  from space 3264K, 67% used [0x00000007e7c70000,0x00000007e7e92e48,0x00000007e7fa0000)
  to   space 3264K, 0% used [0x00000007e7940000,0x00000007e7940000,0x00000007e7c70000)
 ParOldGen       total 52480K, used 8K [0x00000007b3200000, 0x00000007b6540000, 0x00000007e6600000)
  object space 52480K, 0% used [0x00000007b3200000,0x00000007b3202000,0x00000007b6540000)
 PSPermGen       total 21248K, used 7552K [0x00000007ae000000, 0x00000007af4c0000, 0x00000007b3200000)
  object space 21248K, 35% used [0x00000007ae000000,0x00000007ae760280,0x00000007af4c0000)
Event: 1.195 GC heap after
Heap after GC invocations=3 (full 0):
 PSYoungGen      total 22976K, used 2089K [0x00000007e6600000, 0x00000007e92e0000, 0x0000000800000000)
  eden space 19712K, 0% used [0x00000007e6600000,0x00000007e6600000,0x00000007e7940000)
  from space 3264K, 64% used [0x00000007e7940000,0x00000007e7b4a770,0x00000007e7c70000)
  to   space 3264K, 0% used [0x00000007e8fb0000,0x00000007e8fb0000,0x00000007e92e0000)
 ParOldGen       total 52480K, used 8K [0x00000007b3200000, 0x00000007b6540000, 0x00000007e6600000)
  object space 52480K, 0% used [0x00000007b3200000,0x00000007b3202000,0x00000007b6540000)
 PSPermGen       total 21248K, used 7552K [0x00000007ae000000, 0x00000007af4c0000, 0x00000007b3200000)
  object space 21248K, 35% used [0x00000007ae000000,0x00000007ae760280,0x00000007af4c0000)
}
Event: 1.457 GC heap before
{Heap before GC invocations=4 (full 0):
 PSYoungGen      total 22976K, used 21801K [0x00000007e6600000, 0x00000007e92e0000, 0x0000000800000000)
  eden space 19712K, 100% used [0x00000007e6600000,0x00000007e7940000,0x00000007e7940000)
  from space 3264K, 64% used [0x00000007e7940000,0x00000007e7b4a770,0x00000007e7c70000)
  to   space 3264K, 0% used [0x00000007e8fb0000,0x00000007e8fb0000,0x00000007e92e0000)
 ParOldGen       total 52480K, used 8K [0x00000007b3200000, 0x00000007b6540000, 0x00000007e6600000)
  object space 52480K, 0% used [0x00000007b3200000,0x00000007b3202000,0x00000007b6540000)
 PSPermGen       total 21248K, used 8649K [0x00000007ae000000, 0x00000007af4c0000, 0x00000007b3200000)
  object space 21248K, 40% used [0x00000007ae000000,0x00000007ae8724e8,0x00000007af4c0000)
Event: 1.473 GC heap after
Heap after GC invocations=4 (full 0):
 PSYoungGen      total 42688K, used 2494K [0x00000007e6600000, 0x00000007e92e0000, 0x0000000800000000)
  eden space 39424K, 0% used [0x00000007e6600000,0x00000007e6600000,0x00000007e8c80000)
  from space 3264K, 76% used [0x00000007e8fb0000,0x00000007e921fb60,0x00000007e92e0000)
  to   space 3264K, 0% used [0x00000007e8c80000,0x00000007e8c80000,0x00000007e8fb0000)
 ParOldGen       total 52480K, used 16K [0x00000007b3200000, 0x00000007b6540000, 0x00000007e6600000)
  object space 52480K, 0% used [0x00000007b3200000,0x00000007b3204000,0x00000007b6540000)
 PSPermGen       total 21248K, used 8649K [0x00000007ae000000, 0x00000007af4c0000, 0x00000007b3200000)
  object space 21248K, 40% used [0x00000007ae000000,0x00000007ae8724e8,0x00000007af4c0000)
}
Event: 6.230 GC heap before
{Heap before GC invocations=5 (full 0):
 PSYoungGen      total 42688K, used 41918K [0x00000007e6600000, 0x00000007e92e0000, 0x0000000800000000)
  eden space 39424K, 100% used [0x00000007e6600000,0x00000007e8c80000,0x00000007e8c80000)
  from space 3264K, 76% used [0x00000007e8fb0000,0x00000007e921fb60,0x00000007e92e0000)
  to   space 3264K, 0% used [0x00000007e8c80000,0x00000007e8c80000,0x00000007e8fb0000)
 ParOldGen       total 52480K, used 16K [0x00000007b3200000, 0x00000007b6540000, 0x00000007e6600000)
  object space 52480K, 0% used [0x00000007b3200000,0x00000007b3204000,0x00000007b6540000)
 PSPermGen       total 21248K, used 11741K [0x00000007ae000000, 0x00000007af4c0000, 0x00000007b3200000)
  object space 21248K, 55% used [0x00000007ae000000,0x00000007aeb774a8,0x00000007af4c0000)
Event: 6.246 GC heap after
Heap after GC invocations=5 (full 0):
 PSYoungGen      total 42688K, used 3244K [0x00000007e6600000, 0x00000007ebb00000, 0x0000000800000000)
  eden space 39424K, 0% used [0x00000007e6600000,0x00000007e6600000,0x00000007e8c80000)
  from space 3264K, 99% used [0x00000007e8c80000,0x00000007e8fab160,0x00000007e8fb0000)
  to   space 4096K, 0% used [0x00000007eb700000,0x00000007eb700000,0x00000007ebb00000)
 ParOldGen       total 52480K, used 1311K [0x00000007b3200000, 0x00000007b6540000, 0x00000007e6600000)
  object space 52480K, 2% used [0x00000007b3200000,0x00000007b3347de8,0x00000007b6540000)
 PSPermGen       total 21248K, used 11741K [0x00000007ae000000, 0x00000007af4c0000, 0x00000007b3200000)
  object space 21248K, 55% used [0x00000007ae000000,0x00000007aeb774a8,0x00000007af4c0000)
}
Event: 9.518 GC heap before
{Heap before GC invocations=6 (full 0):
 PSYoungGen      total 42688K, used 42668K [0x00000007e6600000, 0x00000007ebb00000, 0x0000000800000000)
  eden space 39424K, 100% used [0x00000007e6600000,0x00000007e8c80000,0x00000007e8c80000)
  from space 3264K, 99% used [0x00000007e8c80000,0x00000007e8fab160,0x00000007e8fb0000)
  to   space 4096K, 0% used [0x00000007eb700000,0x00000007eb700000,0x00000007ebb00000)
 ParOldGen       total 52480K, used 1311K [0x00000007b3200000, 0x00000007b6540000, 0x00000007e6600000)
  object space 52480K, 2% used [0x00000007b3200000,0x00000007b3347de8,0x00000007b6540000)
 PSPermGen       total 21248K, used 12221K [0x00000007ae000000, 0x00000007af4c0000, 0x00000007b3200000)
  object space 21248K, 57% used [0x00000007ae000000,0x00000007aebef7d8,0x00000007af4c0000)
Event: 9.528 GC heap after
Heap after GC invocations=6 (full 0):
 PSYoungGen      total 82560K, used 3696K [0x00000007e6600000, 0x00000007ebbc0000, 0x0000000800000000)
  eden space 78464K, 0% used [0x00000007e6600000,0x00000007e6600000,0x00000007eb2a0000)
  from space 4096K, 90% used [0x00000007eb700000,0x00000007eba9c030,0x00000007ebb00000)
  to   space 4480K, 0% used [0x00000007eb2a0000,0x00000007eb2a0000,0x00000007eb700000)
 ParOldGen       total 52480K, used 1311K [0x00000007b3200000, 0x00000007b6540000, 0x00000007e6600000)
  object space 52480K, 2% used [0x00000007b3200000,0x00000007b3347de8,0x00000007b6540000)
 PSPermGen       total 21248K, used 12221K [0x00000007ae000000, 0x00000007af4c0000, 0x00000007b3200000)
  object space 21248K, 57% used [0x00000007ae000000,0x00000007aebef7d8,0x00000007af4c0000)
}

Deoptimization events (10 events):
Event: 10.204 Thread 0x00007f934a037000 Uncommon trap -25 fr.pc 0x000000010f5416ac
Event: 10.206 Thread 0x00007f934a037000 Uncommon trap -25 fr.pc 0x000000010f5416ac
Event: 10.206 Thread 0x00007f934a037000 Uncommon trap -25 fr.pc 0x000000010f5416ac
Event: 10.213 Thread 0x00007f934a037000 Uncommon trap -25 fr.pc 0x000000010f5416ac
Event: 10.213 Thread 0x00007f934a037000 Uncommon trap -25 fr.pc 0x000000010f5416ac
Event: 10.213 Thread 0x00007f934a037000 Uncommon trap -25 fr.pc 0x000000010f5416ac
Event: 10.214 Thread 0x00007f934a037000 Uncommon trap -25 fr.pc 0x000000010f5416ac
Event: 10.225 Thread 0x00007f934a037000 Uncommon trap -25 fr.pc 0x000000010f5416ac
Event: 10.239 Thread 0x00007f934a037000 Uncommon trap -25 fr.pc 0x000000010f5416ac
Event: 10.241 Thread 0x00007f934a037000 Uncommon trap -25 fr.pc 0x000000010f5416ac

Internal exceptions (10 events):
Event: 37.258 Thread 0x00007f934a037000 Threw 0x00000007eabe1988 at /HUDSON/workspace/jdk7u10-2-build-macosx-amd64-product/jdk7u10/hotspot/src/share/vm/prims/jvm.cpp:1166
Event: 37.260 Thread 0x00007f934a037000 Threw 0x00000007eabeb428 at /HUDSON/workspace/jdk7u10-2-build-macosx-amd64-product/jdk7u10/hotspot/src/share/vm/prims/jvm.cpp:1166
Event: 37.262 Thread 0x00007f934a037000 Threw 0x00000007eabf7bc8 at /HUDSON/workspace/jdk7u10-2-build-macosx-amd64-product/jdk7u10/hotspot/src/share/vm/prims/jvm.cpp:1166
Event: 37.264 Thread 0x00007f934a037000 Threw 0x00000007eac00f40 at /HUDSON/workspace/jdk7u10-2-build-macosx-amd64-product/jdk7u10/hotspot/src/share/vm/prims/jvm.cpp:1166
Event: 37.267 Thread 0x00007f934a037000 Threw 0x00000007eac0a898 at /HUDSON/workspace/jdk7u10-2-build-macosx-amd64-product/jdk7u10/hotspot/src/share/vm/prims/jvm.cpp:1166
Event: 37.269 Thread 0x00007f934a037000 Threw 0x00000007eac148b0 at /HUDSON/workspace/jdk7u10-2-build-macosx-amd64-product/jdk7u10/hotspot/src/share/vm/prims/jvm.cpp:1166
Event: 37.271 Thread 0x00007f934a037000 Threw 0x00000007eac1e0f0 at /HUDSON/workspace/jdk7u10-2-build-macosx-amd64-product/jdk7u10/hotspot/src/share/vm/prims/jvm.cpp:1166
Event: 45.044 Thread 0x00007f934a037000 Threw 0x00000007eac28348 at /HUDSON/workspace/jdk7u10-2-build-macosx-amd64-product/jdk7u10/hotspot/src/share/vm/prims/jvm.cpp:1166
Event: 45.099 Thread 0x00007f934a037000 Threw 0x00000007eac3e4c8 at /HUDSON/workspace/jdk7u10-2-build-macosx-amd64-product/jdk7u10/hotspot/src/share/vm/prims/jvm.cpp:1166
Event: 45.163 Thread 0x00007f934a037000 Threw 0x00000007eac52e68 at /HUDSON/workspace/jdk7u10-2-build-macosx-amd64-product/jdk7u10/hotspot/src/share/vm/prims/jvm.cpp:1166

Events (10 events):
Event: 197.573 Executing VM operation: GetOrSetLocal
Event: 197.573 Executing VM operation: GetOrSetLocal done
Event: 197.574 Executing VM operation: GetOrSetLocal
Event: 197.574 Executing VM operation: GetOrSetLocal done
Event: 197.574 Executing VM operation: GetOrSetLocal
Event: 197.574 Executing VM operation: GetOrSetLocal done
Event: 197.575 Executing VM operation: GetOrSetLocal
Event: 197.575 Executing VM operation: GetOrSetLocal done
Event: 244.926 Executing VM operation: RedefineClasses
Event: 244.931 Executing VM operation: RedefineClasses done


Dynamic libraries:
0x0000000001d98000 	/System/Library/Frameworks/Cocoa.framework/Versions/A/Cocoa
0x0000000001d98000 	/System/Library/Frameworks/Security.framework/Versions/A/Security
0x0000000001d98000 	/System/Library/Frameworks/ApplicationServices.framework/Versions/A/ApplicationServices
0x0000000001d98000 	/usr/lib/libz.1.dylib
0x0000000001d98000 	/usr/lib/libSystem.B.dylib
0x0000000001d98000 	/usr/lib/libobjc.A.dylib
0x0000000001d98000 	/System/Library/Frameworks/CoreFoundation.framework/Versions/A/CoreFoundation
0x0000000001d98000 	/System/Library/Frameworks/AppKit.framework/Versions/C/AppKit
0x0000000001d98000 	/System/Library/Frameworks/CoreData.framework/Versions/A/CoreData
0x0000000001d98000 	/System/Library/Frameworks/Foundation.framework/Versions/C/Foundation
0x0000000001d98000 	/System/Library/PrivateFrameworks/RemoteViewServices.framework/Versions/A/RemoteViewServices
0x0000000001d98000 	/System/Library/Frameworks/AudioToolbox.framework/Versions/A/AudioToolbox
0x0000000001d98000 	/System/Library/Frameworks/AudioUnit.framework/Versions/A/AudioUnit
0x0000000001d98000 	/System/Library/PrivateFrameworks/DataDetectorsCore.framework/Versions/A/DataDetectorsCore
0x0000000001d98000 	/System/Library/PrivateFrameworks/DesktopServicesPriv.framework/Versions/A/DesktopServicesPriv
0x0000000001d98000 	/System/Library/Frameworks/Carbon.framework/Versions/A/Frameworks/HIToolbox.framework/Versions/A/HIToolbox
0x0000000001d98000 	/System/Library/Frameworks/QuartzCore.framework/Versions/A/QuartzCore
0x0000000001d98000 	/System/Library/Frameworks/Carbon.framework/Versions/A/Frameworks/SpeechRecognition.framework/Versions/A/SpeechRecognition
0x0000000001d98000 	/usr/lib/libauto.dylib
0x0000000001d98000 	/usr/lib/libicucore.A.dylib
0x0000000001d98000 	/usr/lib/libxml2.2.dylib
0x0000000001d98000 	/System/Library/PrivateFrameworks/CoreUI.framework/Versions/A/CoreUI
0x0000000001d98000 	/System/Library/Frameworks/CoreAudio.framework/Versions/A/CoreAudio
0x0000000001d98000 	/System/Library/Frameworks/DiskArbitration.framework/Versions/A/DiskArbitration
0x0000000001d98000 	/usr/lib/liblangid.dylib
0x0000000001d98000 	/System/Library/PrivateFrameworks/MultitouchSupport.framework/Versions/A/MultitouchSupport
0x0000000001d98000 	/System/Library/Frameworks/IOKit.framework/Versions/A/IOKit
0x0000000001d98000 	/usr/lib/libDiagnosticMessagesClient.dylib
0x0000000001d98000 	/System/Library/Frameworks/CoreServices.framework/Versions/A/CoreServices
0x0000000001d98000 	/System/Library/PrivateFrameworks/PerformanceAnalysis.framework/Versions/A/PerformanceAnalysis
0x0000000001d98000 	/System/Library/PrivateFrameworks/GenerationalStorage.framework/Versions/A/GenerationalStorage
0x0000000001d98000 	/System/Library/Frameworks/OpenGL.framework/Versions/A/OpenGL
0x0000000001d98000 	/System/Library/Frameworks/CoreServices.framework/Versions/A/Frameworks/CFNetwork.framework/Versions/A/CFNetwork
0x0000000001d98000 	/System/Library/Frameworks/SystemConfiguration.framework/Versions/A/SystemConfiguration
0x0000000001d98000 	/usr/lib/libCRFSuite.dylib
0x0000000001d98000 	/usr/lib/libc++.1.dylib
0x0000000001d98000 	/usr/lib/libstdc++.6.dylib
0x0000000001d98000 	/usr/lib/libc++abi.dylib
0x0000000001d98000 	/usr/lib/system/libcache.dylib
0x0000000001d98000 	/usr/lib/system/libcommonCrypto.dylib
0x0000000001d98000 	/usr/lib/system/libcompiler_rt.dylib
0x0000000001d98000 	/usr/lib/system/libcopyfile.dylib
0x0000000001d98000 	/usr/lib/system/libdispatch.dylib
0x0000000001d98000 	/usr/lib/system/libdnsinfo.dylib
0x0000000001d98000 	/usr/lib/system/libdyld.dylib
0x0000000001d98000 	/usr/lib/system/libkeymgr.dylib
0x0000000001d98000 	/usr/lib/system/liblaunch.dylib
0x0000000001d98000 	/usr/lib/system/libmacho.dylib
0x0000000001d98000 	/usr/lib/system/libmathCommon.A.dylib
0x0000000001d98000 	/usr/lib/system/libquarantine.dylib
0x0000000001d98000 	/usr/lib/system/libremovefile.dylib
0x0000000001d98000 	/usr/lib/system/libsystem_blocks.dylib
0x0000000001d98000 	/usr/lib/system/libsystem_c.dylib
0x0000000001d98000 	/usr/lib/system/libsystem_dnssd.dylib
0x0000000001d98000 	/usr/lib/system/libsystem_info.dylib
0x0000000001d98000 	/usr/lib/system/libsystem_kernel.dylib
0x0000000001d98000 	/usr/lib/system/libsystem_network.dylib
0x0000000001d98000 	/usr/lib/system/libsystem_notify.dylib
0x0000000001d98000 	/usr/lib/system/libsystem_sandbox.dylib
0x0000000001d98000 	/usr/lib/system/libunc.dylib
0x0000000001d98000 	/usr/lib/system/libunwind.dylib
0x0000000001d98000 	/usr/lib/system/libxpc.dylib
0x0000000001d98000 	/usr/lib/libbsm.0.dylib
0x0000000001d98000 	/usr/lib/libsqlite3.dylib
0x0000000001d98000 	/usr/lib/libOpenScriptingUtil.dylib
0x0000000001d98000 	/usr/lib/libpam.2.dylib
0x0000000001d98000 	/usr/lib/libxar-nossl.dylib
0x0000000001d98000 	/usr/lib/libbz2.1.0.dylib
0x0000000001d98000 	/System/Library/Frameworks/CoreServices.framework/Versions/A/Frameworks/CarbonCore.framework/Versions/A/CarbonCore
0x0000000001d98000 	/System/Library/Frameworks/CoreServices.framework/Versions/A/Frameworks/Metadata.framework/Versions/A/Metadata
0x0000000001d98000 	/System/Library/Frameworks/CoreServices.framework/Versions/A/Frameworks/OSServices.framework/Versions/A/OSServices
0x0000000001d98000 	/System/Library/Frameworks/CoreServices.framework/Versions/A/Frameworks/SearchKit.framework/Versions/A/SearchKit
0x0000000001d98000 	/System/Library/Frameworks/CoreServices.framework/Versions/A/Frameworks/AE.framework/Versions/A/AE
0x0000000001d98000 	/System/Library/Frameworks/CoreServices.framework/Versions/A/Frameworks/LaunchServices.framework/Versions/A/LaunchServices
0x0000000001d98000 	/System/Library/Frameworks/CoreServices.framework/Versions/A/Frameworks/DictionaryServices.framework/Versions/A/DictionaryServices
0x0000000001d98000 	/System/Library/Frameworks/NetFS.framework/Versions/A/NetFS
0x0000000001d98000 	/usr/lib/system/libkxld.dylib
0x0000000001d98000 	/System/Library/PrivateFrameworks/NetAuth.framework/Versions/A/NetAuth
0x0000000001d98000 	/usr/lib/libcrypto.0.9.8.dylib
0x0000000001d98000 	/System/Library/PrivateFrameworks/TrustEvaluationAgent.framework/Versions/A/TrustEvaluationAgent
0x0000000001d98000 	/System/Library/Frameworks/OpenDirectory.framework/Versions/A/Frameworks/CFOpenDirectory.framework/Versions/A/CFOpenDirectory
0x0000000001d98000 	/usr/lib/libxslt.1.dylib
0x0000000001d98000 	/System/Library/PrivateFrameworks/FamilyControls.framework/Versions/A/FamilyControls
0x0000000001d98000 	/System/Library/Frameworks/Carbon.framework/Versions/A/Frameworks/Ink.framework/Versions/A/Ink
0x0000000001d98000 	/System/Library/Frameworks/ApplicationServices.framework/Versions/A/Frameworks/CoreGraphics.framework/Versions/A/CoreGraphics
0x0000000001d98000 	/System/Library/Frameworks/ApplicationServices.framework/Versions/A/Frameworks/ImageIO.framework/Versions/A/ImageIO
0x0000000001d98000 	/System/Library/Frameworks/ApplicationServices.framework/Versions/A/Frameworks/CoreText.framework/Versions/A/CoreText
0x0000000001d98000 	/System/Library/Frameworks/ApplicationServices.framework/Versions/A/Frameworks/ATS.framework/Versions/A/ATS
0x0000000001d98000 	/System/Library/Frameworks/ApplicationServices.framework/Versions/A/Frameworks/ColorSync.framework/Versions/A/ColorSync
0x0000000001d98000 	/System/Library/Frameworks/ApplicationServices.framework/Versions/A/Frameworks/HIServices.framework/Versions/A/HIServices
0x0000000001d98000 	/System/Library/Frameworks/ApplicationServices.framework/Versions/A/Frameworks/LangAnalysis.framework/Versions/A/LangAnalysis
0x0000000001d98000 	/System/Library/Frameworks/ApplicationServices.framework/Versions/A/Frameworks/PrintCore.framework/Versions/A/PrintCore
0x0000000001d98000 	/System/Library/Frameworks/ApplicationServices.framework/Versions/A/Frameworks/QD.framework/Versions/A/QD
0x0000000001d98000 	/System/Library/Frameworks/ApplicationServices.framework/Versions/A/Frameworks/SpeechSynthesis.framework/Versions/A/SpeechSynthesis
0x0000000001d98000 	/System/Library/Frameworks/IOSurface.framework/Versions/A/IOSurface
0x0000000001d98000 	/System/Library/Frameworks/Accelerate.framework/Versions/A/Accelerate
0x0000000001d98000 	/System/Library/Frameworks/ApplicationServices.framework/Versions/A/Frameworks/ImageIO.framework/Versions/A/Resources/libJPEG.dylib
0x0000000001d98000 	/System/Library/Frameworks/ApplicationServices.framework/Versions/A/Frameworks/ImageIO.framework/Versions/A/Resources/libTIFF.dylib
0x0000000001d98000 	/System/Library/Frameworks/ApplicationServices.framework/Versions/A/Frameworks/ImageIO.framework/Versions/A/Resources/libPng.dylib
0x0000000001d98000 	/System/Library/Frameworks/ApplicationServices.framework/Versions/A/Frameworks/ImageIO.framework/Versions/A/Resources/libGIF.dylib
0x0000000001d98000 	/System/Library/Frameworks/ApplicationServices.framework/Versions/A/Frameworks/ImageIO.framework/Versions/A/Resources/libJP2.dylib
0x0000000001d98000 	/System/Library/Frameworks/ApplicationServices.framework/Versions/A/Frameworks/ImageIO.framework/Versions/A/Resources/libRadiance.dylib
0x0000000001d98000 	/System/Library/Frameworks/Accelerate.framework/Versions/A/Frameworks/vImage.framework/Versions/A/vImage
0x0000000001d98000 	/System/Library/Frameworks/Accelerate.framework/Versions/A/Frameworks/vecLib.framework/Versions/A/vecLib
0x0000000001d98000 	/System/Library/Frameworks/Accelerate.framework/Versions/A/Frameworks/vecLib.framework/Versions/A/libvDSP.dylib
0x0000000001d98000 	/System/Library/Frameworks/Accelerate.framework/Versions/A/Frameworks/vecLib.framework/Versions/A/libvMisc.dylib
0x0000000001d98000 	/System/Library/Frameworks/Accelerate.framework/Versions/A/Frameworks/vecLib.framework/Versions/A/libLAPACK.dylib
0x0000000001d98000 	/System/Library/Frameworks/Accelerate.framework/Versions/A/Frameworks/vecLib.framework/Versions/A/libBLAS.dylib
0x0000000001d98000 	/System/Library/Frameworks/ApplicationServices.framework/Versions/A/Frameworks/ATS.framework/Versions/A/Resources/libFontParser.dylib
0x0000000001d98000 	/System/Library/Frameworks/ApplicationServices.framework/Versions/A/Frameworks/ATS.framework/Versions/A/Resources/libFontRegistry.dylib
0x0000000001d98000 	/usr/lib/libcups.2.dylib
0x0000000001d98000 	/System/Library/Frameworks/Kerberos.framework/Versions/A/Kerberos
0x0000000001d98000 	/System/Library/Frameworks/GSS.framework/Versions/A/GSS
0x0000000001d98000 	/usr/lib/libresolv.9.dylib
0x0000000001d98000 	/usr/lib/libiconv.2.dylib
0x0000000001d98000 	/System/Library/PrivateFrameworks/Heimdal.framework/Versions/A/Heimdal
0x0000000001d98000 	/System/Library/Frameworks/OpenDirectory.framework/Versions/A/OpenDirectory
0x0000000001d98000 	/System/Library/PrivateFrameworks/CommonAuth.framework/Versions/A/CommonAuth
0x0000000001d98000 	/System/Library/Frameworks/CoreVideo.framework/Versions/A/CoreVideo
0x0000000001d98000 	/System/Library/Frameworks/QuartzCore.framework/Versions/A/Frameworks/CoreImage.framework/Versions/A/CoreImage
0x0000000001d98000 	/System/Library/Frameworks/QuartzCore.framework/Versions/A/Frameworks/ScalableUserInterface.framework/Versions/A/ScalableUserInterface
0x0000000001d98000 	/System/Library/Frameworks/OpenGL.framework/Versions/A/Libraries/libGLU.dylib
0x0000000001d98000 	/System/Library/Frameworks/OpenGL.framework/Versions/A/Libraries/libGFXShared.dylib
0x0000000001d98000 	/System/Library/Frameworks/OpenGL.framework/Versions/A/Libraries/libGL.dylib
0x0000000001d98000 	/System/Library/Frameworks/OpenGL.framework/Versions/A/Libraries/libGLImage.dylib
0x0000000001d98000 	/System/Library/Frameworks/OpenGL.framework/Versions/A/Libraries/libCVMSPluginSupport.dylib
0x0000000001d98000 	/System/Library/Frameworks/OpenGL.framework/Versions/A/Libraries/libCoreVMClient.dylib
0x0000000001d98000 	/System/Library/Frameworks/OpenCL.framework/Versions/A/OpenCL
0x0000000001d98000 	/System/Library/PrivateFrameworks/FaceCoreLight.framework/Versions/A/FaceCoreLight
0x0000000001d98000 	/System/Library/Frameworks/vecLib.framework/Versions/A/vecLib
0x0000000001d98000 	/System/Library/Frameworks/SecurityFoundation.framework/Versions/A/SecurityFoundation
0x0000000001d98000 	/System/Library/PrivateFrameworks/CommerceKit.framework/Versions/A/Frameworks/CommerceCore.framework/Versions/A/CommerceCore
0x0000000001d98000 	/System/Library/PrivateFrameworks/CoreSymbolication.framework/Versions/A/CoreSymbolication
0x0000000001d98000 	/System/Library/PrivateFrameworks/Symbolication.framework/Versions/A/Symbolication
0x0000000001d98000 	/System/Library/PrivateFrameworks/DebugSymbols.framework/Versions/A/DebugSymbols
0x000000010e883000 	/Library/Java/JavaVirtualMachines/jdk1.7.0_10.jdk/Contents/Home/jre/lib/server/libjvm.dylib
0x000000010e6d3000 	/Library/Java/JavaVirtualMachines/jdk1.7.0_10.jdk/Contents/Home/jre/lib/libverify.dylib
0x000000010f42d000 	/Library/Java/JavaVirtualMachines/jdk1.7.0_10.jdk/Contents/Home/jre/lib/libjava.dylib
0x000000010f45d000 	/Library/Java/JavaVirtualMachines/jdk1.7.0_10.jdk/Contents/Home/jre/lib/libjdwp.dylib
0x000000010e6e1000 	/Library/Java/JavaVirtualMachines/jdk1.7.0_10.jdk/Contents/Home/jre/lib/./libnpt.dylib
0x000000010e6ee000 	/Library/Java/JavaVirtualMachines/jdk1.7.0_10.jdk/Contents/Home/jre/lib/libzip.dylib
0x0000000117624000 	/System/Library/Frameworks/JavaVM.framework/Frameworks/JavaRuntimeSupport.framework/JavaRuntimeSupport
0x000000011763c000 	/System/Library/Frameworks/JavaVM.framework/Versions/A/Frameworks/JavaNativeFoundation.framework/Versions/A/JavaNativeFoundation
0x0000000117651000 	/System/Library/Frameworks/JavaVM.framework/Versions/A/JavaVM
0x0000000001d98000 	/System/Library/Frameworks/Carbon.framework/Versions/A/Carbon
0x000000011765e000 	/System/Library/PrivateFrameworks/JavaLaunching.framework/Versions/A/JavaLaunching
0x0000000001d98000 	/System/Library/Frameworks/Carbon.framework/Versions/A/Frameworks/CommonPanels.framework/Versions/A/CommonPanels
0x0000000001d98000 	/System/Library/Frameworks/Carbon.framework/Versions/A/Frameworks/Help.framework/Versions/A/Help
0x0000000001d98000 	/System/Library/Frameworks/Carbon.framework/Versions/A/Frameworks/ImageCapture.framework/Versions/A/ImageCapture
0x0000000001d98000 	/System/Library/Frameworks/Carbon.framework/Versions/A/Frameworks/OpenScripting.framework/Versions/A/OpenScripting
0x0000000001d98000 	/System/Library/Frameworks/Carbon.framework/Versions/A/Frameworks/Print.framework/Versions/A/Print
0x0000000001d98000 	/System/Library/Frameworks/Carbon.framework/Versions/A/Frameworks/SecurityHI.framework/Versions/A/SecurityHI
0x000000010e6fa000 	/Library/Java/JavaVirtualMachines/jdk1.7.0_10.jdk/Contents/Home/jre/lib/libdt_socket.dylib
0x000000011842d000 	/Library/Java/JavaVirtualMachines/jdk1.7.0_10.jdk/Contents/Home/jre/lib/libnet.dylib
0x0000000118871000 	/Library/Java/JavaVirtualMachines/jdk1.7.0_10.jdk/Contents/Home/jre/lib/libnio.dylib

VM Arguments:
jvm_args: -agentlib:jdwp=transport=dt_socket,suspend=y,address=localhost:49567 -Dfile.encoding=UTF-8 
java_command: org.eclipse.jdt.internal.junit.runner.RemoteTestRunner -version 3 -port 49566 -testLoaderClass org.eclipse.jdt.internal.junit4.runner.JUnit4TestLoader -loaderpluginname org.eclipse.jdt.junit4.runtime -test com.gogomaya.server.ObjectMapperTest:testSimpleSerialization
Launcher Type: SUN_STANDARD

Environment Variables:
PATH=/usr/bin:/bin:/usr/sbin:/sbin
SHELL=/bin/bash
DISPLAY=/tmp/launch-jdmN1e/org.x:0

Signal Handlers:
SIGSEGV: [libjvm.dylib+0x4a363d], sa_mask[0]=0xfffefeff, sa_flags=0x00000042
SIGBUS: [libjvm.dylib+0x4a363d], sa_mask[0]=0xfffefeff, sa_flags=0x00000042
SIGFPE: [libjvm.dylib+0x3b3051], sa_mask[0]=0xfffefeff, sa_flags=0x00000042
SIGPIPE: [libjvm.dylib+0x3b3051], sa_mask[0]=0xfffefeff, sa_flags=0x00000042
SIGXFSZ: [libjvm.dylib+0x3b3051], sa_mask[0]=0xfffefeff, sa_flags=0x00000042
SIGILL: [libjvm.dylib+0x3b3051], sa_mask[0]=0xfffefeff, sa_flags=0x00000042
SIGUSR1: SIG_DFL, sa_mask[0]=0x00000000, sa_flags=0x00000002
SIGUSR2: [libjvm.dylib+0x3b2bea], sa_mask[0]=0x00000004, sa_flags=0x00000042
SIGHUP: [libjvm.dylib+0x3b0e4b], sa_mask[0]=0xfffefeff, sa_flags=0x00000042
SIGINT: [libjvm.dylib+0x3b0e4b], sa_mask[0]=0xfffefeff, sa_flags=0x00000042
SIGTERM: [libjvm.dylib+0x3b0e4b], sa_mask[0]=0xfffefeff, sa_flags=0x00000042
SIGQUIT: [libjvm.dylib+0x3b0e4b], sa_mask[0]=0xfffefeff, sa_flags=0x00000042


---------------  S Y S T E M  ---------------

OS:Bsduname:Darwin 11.4.2 Darwin Kernel Version 11.4.2: Thu Aug 23 16:25:48 PDT 2012; root:xnu-1699.32.7~1/RELEASE_X86_64 x86_64
rlimit: STACK 8192k, CORE 0k, NPROC 709, NOFILE 10240, AS infinity
load average:1.70 2.64 2.95

CPU:total 4 (2 cores per cpu, 2 threads per core) family 6 model 42 stepping 7, cmov, cx8, fxsr, mmx, sse, sse2, sse3, ssse3, sse4.1, sse4.2, popcnt, avx, ht, tsc, tscinvbit

Memory: 4k page, physical 5035752k(1258938k free)

/proc/meminfo:


vm_info: Java HotSpot(TM) 64-Bit Server VM (23.6-b04) for bsd-amd64 JRE (1.7.0_10-b18), built on Nov 28 2012 07:52:20 by "java_re" with gcc 4.2.1 (Based on Apple Inc. build 5658) (LLVM build 2336.9.00)

time: Sun Jun 23 10:49:22 2013
elapsed time: 244 seconds

